slurmstepd-ilz: error: Unable to create TMPDIR [/tmp/user/30108]: Permission denied
slurmstepd-ilz: error: Setting TMPDIR to /tmp
Found path: /home/j/jensenj/PycharmProjects/Federer-Jr./src/../crawler_single/linux/dynamic_server/crawler_dynamic.x86_64
Mono path[0] = '/home/j/jensenj/PycharmProjects/Federer-Jr./src/../crawler_single/linux/dynamic_server/crawler_dynamic_Data/Managed'
Mono config path = '/home/j/jensenj/PycharmProjects/Federer-Jr./src/../crawler_single/linux/dynamic_server/crawler_dynamic_Data/MonoBleedingEdge/etc'
Preloaded 'lib_burst_generated.so'
Preloaded 'libgrpc_csharp_ext.x64.so'
Initialize engine version: 2019.3.15f1 (59ff3e03856d)
[Subsystems] Discovering subsystems at path /home/j/jensenj/PycharmProjects/Federer-Jr./src/../crawler_single/linux/dynamic_server/crawler_dynamic_Data/UnitySubsystems
Forcing GfxDevice: Null
GfxDevice: creating device client; threaded=0
NullGfxDevice:
    Version:  NULL 1.0 [1.0]
    Renderer: Null Device
    Vendor:   Unity Technologies
Begin MonoManager ReloadAssembly
- Completed reload, in  0.098 seconds
WARNING: Shader Unsupported: 'Autodesk Interactive' - All passes removed
WARNING: Shader Did you use #pragma only_renderers and omit this platform?
UnloadTime: 0.394078 ms
Fallback handler could not load library /home/j/jensenj/PycharmProjects/Federer-Jr./src/../crawler_single/linux/dynamic_server/crawler_dynamic_Data/Mono/libcoreclr.so
Fallback handler could not load library /home/j/jensenj/PycharmProjects/Federer-Jr./src/../crawler_single/linux/dynamic_server/crawler_dynamic_Data/Mono/libcoreclr.so
Fallback handler could not load library /home/j/jensenj/PycharmProjects/Federer-Jr./src/../crawler_single/linux/dynamic_server/crawler_dynamic_Data/Mono/libcoreclr.so
Fallback handler could not load library /home/j/jensenj/PycharmProjects/Federer-Jr./src/../crawler_single/linux/dynamic_server/crawler_dynamic_Data/Mono/libSystem.dylib
Fallback handler could not load library /home/j/jensenj/PycharmProjects/Federer-Jr./src/../crawler_single/linux/dynamic_server/crawler_dynamic_Data/Mono/libSystem.dylib.so
Fallback handler could not load library /home/j/jensenj/PycharmProjects/Federer-Jr./src/../crawler_single/linux/dynamic_server/crawler_dynamic_Data/Mono/libSystem.dylib
Fallback handler could not load library /home/j/jensenj/PycharmProjects/Federer-Jr./src/../crawler_single/linux/dynamic_server/crawler_dynamic_Data/Mono/libcoreclr.so
Fallback handler could not load library /home/j/jensenj/PycharmProjects/Federer-Jr./src/../crawler_single/linux/dynamic_server/crawler_dynamic_Data/Mono/libcoreclr.so
Fallback handler could not load library /home/j/jensenj/PycharmProjects/Federer-Jr./src/../crawler_single/linux/dynamic_server/crawler_dynamic_Data/Mono/libcoreclr.so
Fallback handler could not load library /home/j/jensenj/PycharmProjects/Federer-Jr./src/../crawler_single/linux/dynamic_server/crawler_dynamic_Data/Mono/libSystem.dylib
Fallback handler could not load library /home/j/jensenj/PycharmProjects/Federer-Jr./src/../crawler_single/linux/dynamic_server/crawler_dynamic_Data/Mono/libSystem.dylib.so
Fallback handler could not load library /home/j/jensenj/PycharmProjects/Federer-Jr./src/../crawler_single/linux/dynamic_server/crawler_dynamic_Data/Mono/libSystem.dylib
/home/j/jensenj/.local/lib/python3.6/site-packages/tensorboard/compat/tensorflow_stub/dtypes.py:541: FutureWarning: Passing (type, 1) or '1type' as a synonym of type is deprecated; in a future version of numpy, it will be understood as (type, (1,)) / '(1,)type'.
  _np_qint8 = np.dtype([("qint8", np.int8, 1)])
/home/j/jensenj/.local/lib/python3.6/site-packages/tensorboard/compat/tensorflow_stub/dtypes.py:542: FutureWarning: Passing (type, 1) or '1type' as a synonym of type is deprecated; in a future version of numpy, it will be understood as (type, (1,)) / '(1,)type'.
  _np_quint8 = np.dtype([("quint8", np.uint8, 1)])
/home/j/jensenj/.local/lib/python3.6/site-packages/tensorboard/compat/tensorflow_stub/dtypes.py:543: FutureWarning: Passing (type, 1) or '1type' as a synonym of type is deprecated; in a future version of numpy, it will be understood as (type, (1,)) / '(1,)type'.
  _np_qint16 = np.dtype([("qint16", np.int16, 1)])
/home/j/jensenj/.local/lib/python3.6/site-packages/tensorboard/compat/tensorflow_stub/dtypes.py:544: FutureWarning: Passing (type, 1) or '1type' as a synonym of type is deprecated; in a future version of numpy, it will be understood as (type, (1,)) / '(1,)type'.
  _np_quint16 = np.dtype([("quint16", np.uint16, 1)])
/home/j/jensenj/.local/lib/python3.6/site-packages/tensorboard/compat/tensorflow_stub/dtypes.py:545: FutureWarning: Passing (type, 1) or '1type' as a synonym of type is deprecated; in a future version of numpy, it will be understood as (type, (1,)) / '(1,)type'.
  _np_qint32 = np.dtype([("qint32", np.int32, 1)])
/home/j/jensenj/.local/lib/python3.6/site-packages/tensorboard/compat/tensorflow_stub/dtypes.py:550: FutureWarning: Passing (type, 1) or '1type' as a synonym of type is deprecated; in a future version of numpy, it will be understood as (type, (1,)) / '(1,)type'.
  np_resource = np.dtype([("resource", np.ubyte, 1)])
2020-06-24 03:42:32 INFO [environment.py:108] Connected to Unity environment with package version 1.0.2 and communication version 1.0.0
2020-06-24 03:42:32 INFO [environment.py:265] Connected new brain:
CrawlerDynamic?team=0
2020-06-24 03:42:32 WARNING [__init__.py:92] The environment contains multiple observations. You must define allow_multiple_obs=True to receive them all. Otherwise, only the first visual observation (or vector observation ifthere are no visual observations) will be provided in the observation.
/home/j/jensenj/.local/lib/python3.6/site-packages/gym/logger.py:30: UserWarning: WARN: Box bound precision lowered by casting to float32
  warnings.warn(colorize('%s: %s'%('WARN', msg % args), 'yellow'))
{'nr_output_features': 20, 'nr_input_features': 126, 'env': <gym_unity.envs.UnityToGymWrapper object at 0x7f1ee85e1eb8>, 'alpha': 0.003, 'tau': 0.95, 'clip': 0.2, 'minibatch_size': 32, 'hidden_units': 512, 'update_time_steps': 7168, 'ppo_epochs': 12, 'gamma': 0.965260225843924, 'beta': 0.0796353748928022}
0 : -1.0883937999606133
1 : -8.486105591990054
2 : -0.8960920590907335
3 : -1.590808477718383
4 : 1.8790192240849137
5 : -0.7092926651239395
6 : -0.7238110499456525
7 : -0.844034330919385
8 : -3.677771120565012
9 : -1.156772518530488
10 : -1.2079441716196015
11 : 2.4533327516401187
12 : -4.5595423094928265
13 : 3.7289763162843883
14 : -1.410709941526875
15 : -1.580655476078391
16 : -7.241402004961856
17 : -1.8095570411533117
18 : -0.6707654704805464
19 : -1.654891237616539
20 : -0.8995540179312229
21 : -5.607661824673414
22 : -7.75592845515348
23 : -1.6476607713848352
24 : -7.152679182589054
25 : -2.685477872379124
26 : -1.128561275312677
27 : -0.31137273740023375
28 : -1.500556449405849
29 : -17.529143951833248
30 : -0.9142763148993254
31 : -1.2819619681686163
32 : -3.8852505031973124
33 : 3.681124667869881
34 : -1.8498569845687598
35 : -1.1421261266805232
36 : -1.2912097964435816
37 : -1.206005392887164
38 : -1.3119265548884869
39 : 2.210112021304667
40 : -4.426710343919694
41 : -1.0689260782673955
42 : 0.528564234264195
43 : -0.8798690512776375
44 : 0.522266237065196
45 : 3.0877028829418123
46 : -1.0871621537953615
47 : 0.8529968522489071
48 : 3.5499216723255813
49 : -3.1738458573818207
50 : -0.31651204847730696
51 : -1.304281265474856
52 : -0.1476606074720621
53 : -1.1029472528025508
54 : -1.2859638817608356
55 : -0.43324569053947926
56 : 10.37909690476954
57 : -2.084629848599434
58 : 1.0122343362309039
59 : -1.7410002659307793
60 : -1.1131113786250353
61 : -1.1178647936321795
62 : -4.515729228965938
63 : -1.9776844419538975
64 : -0.9668528027832508
65 : -0.3525487231090665
66 : -2.2840729132294655
67 : -1.9244044572114944
68 : -2.6044707112014294
69 : -1.8608579621650279
70 : -0.7468368588015437
71 : -1.038261504843831
72 : 8.417700005695224
73 : -1.6191709712147713
74 : -1.0327666411176324
75 : -1.6505542225204408
76 : -2.2680766289122403
77 : -0.9018524112179875
78 : 0.6685435576364398
79 : -1.3896365375258029
80 : -1.416041114833206
81 : -6.6240652315318584
82 : -0.8616046733222902
83 : -4.952680129674263
84 : 0.5169809760991484
85 : 0.2698273463174701
86 : -1.3143644363153726
87 : -1.4973624791018665
88 : 0.03659597784280777
89 : -5.444115821272135
90 : -2.4625849733129144
91 : -1.4733227975666523
92 : -0.8825595946982503
93 : -1.600776694715023
94 : -1.18303585331887
95 : -2.0022601735545322
96 : -1.4847643214743584
97 : -1.188078441657126
98 : -1.5007451493293047
99 : -11.044906941242516
100 : -1.5739957094192505
101 : -0.945096735842526
102 : -5.83772829035297
103 : -2.1305277487263083
104 : -0.9654904697090387
105 : -0.394642504863441
106 : -1.0619384543970227
107 : -1.0088236033916473
108 : -0.773108915425837
109 : -0.8599971421062946
110 : -1.0937661067582667
111 : -0.6270337441237643
112 : -2.329587078653276
113 : 1.5737631004303694
114 : -1.9704713076353073
115 : -0.9640604024752975
116 : -5.370261633768678
117 : -2.10281503200531
118 : -1.6291016610339284
119 : -1.382643535733223
120 : -1.847442113328725
121 : -2.720695366151631
122 : -0.056668709963560104
123 : 1.3328282004222274
124 : -1.9259404223412275
125 : 7.981608766131103
126 : -4.4776746039278805
127 : -1.6742285043001175
128 : 5.078658113256097
129 : -0.9696121122688055
130 : -2.0889016650617123
131 : -1.562193932943046
132 : -5.27141153300181
133 : -1.48130127415061
134 : -0.9689471563324332
135 : -0.9692227020859718
136 : -2.057115552481264
137 : -0.8175689689815044
138 : -1.7862787768244743
139 : -0.035793588031083345
140 : -1.6433806254062802
141 : -1.2585512539371848
142 : 0.13569821789860725
143 : -1.8309301137924194
144 : -2.641527723520994
145 : -1.8516131797805429
146 : -1.301061206497252
147 : -0.8975955322384834
148 : -2.4959239242598414
149 : -3.7071239557117224
150 : -3.7807907587848604
151 : -0.4609762611798942
152 : -0.27937626326456666
153 : -0.15462494897656143
154 : 0.8561495502945036
155 : -4.126024823635817
156 : 2.5285102231428027
157 : -1.5204325914382935
158 : 0.8142294473946095
159 : -1.6209145784378052
160 : -1.3963865572586656
161 : -1.2370433304458857
162 : -2.2889473784016445
163 : -0.6557571589946747
164 : -1.3980035670101643
165 : -2.3613044917583466
166 : -3.182891208678484
167 : -8.209943234920502
168 : -7.329163431655616
169 : -1.450680441223085
170 : -1.2217205588240176
171 : -1.0869040242396295
172 : -0.6049859840422869
173 : -5.692979658488184
174 : -5.110615542624146
175 : -0.9092947132885456
176 : -1.2393559226766229
177 : -0.5230247788131237
178 : 0.19839822268113494
179 : -3.2030004365369678
180 : -0.08379341778345406
181 : -5.364811506122351
182 : -2.776174056576565
183 : -1.6260162740945816
184 : -2.8411596100777388
185 : -1.6051169224083424
186 : -0.8887305757962167
187 : -1.4063610173761845
188 : 0.8477716650813818
189 : -0.2649527518078685
190 : -2.0420394334942102
191 : -0.057510919868946075
192 : 0.5385197564028203
193 : -1.0764112900942564
194 : -1.0259014274924994
195 : -0.9485877769766375
196 : -1.076496047899127
197 : -1.1355654690414667
198 : -1.2742156386375427
199 : -2.3408807488158345
200 : -1.6041055601090193
201 : -6.6333998534828424
202 : -0.933636823669076
203 : -1.1443701793905348
204 : 0.7671380871906877
205 : -0.9990862281993032
206 : -0.7014905698597431
207 : -1.2059994018636644
208 : 0.8642413574270904
209 : 12.984477931051515
210 : 0.23933379165828228
211 : -1.1126525346189737
212 : -1.2662199372425675
213 : -1.9610489185433835
214 : -2.606386768631637
215 : -2.2029973715543747
216 : -1.3564255619421601
217 : -1.0889463862404227
218 : -0.06280073197558522
219 : -2.783625148702413
220 : -1.7910902907606214
221 : -2.6228141207247972
222 : -2.7423975989222527
223 : -1.5409151727799326
224 : 0.8112262804061174
225 : -4.954631490632892
226 : -0.9485487621277571
227 : -4.583461660891771
228 : -0.6711905933916569
229 : -2.9240477713756263
230 : -0.9858587346971035
231 : -0.9811820555478334
232 : -0.9430136829614639
233 : -1.1381678469479084
234 : -1.739573061466217
235 : -1.045843930914998
236 : -0.8914690464735031
237 : -2.5505297565832734
238 : -1.6415671426802874
239 : -2.521531991660595
240 : 1.7027113605872728
241 : -1.2287051735911518
242 : -0.8543935255147517
243 : 0.9197115432471037
244 : -3.9312467598356307
245 : 2.2582977768033743
246 : -0.8329130951315165
247 : -1.559310547192581
248 : -1.6004964811727405
249 : -2.133583590388298
250 : -2.1271226899698377
251 : -1.2961670318618417
252 : -1.7151570306159556
253 : -5.18284847587347
254 : -13.4527206227649
255 : -1.3091695895418525
256 : -1.2244996326044202
257 : 8.67358372057788
258 : -0.6969138532876968
259 : 3.087495257612318
260 : 9.428439276758581
261 : 0.03823654167354107
262 : -1.1197715867310762
263 : 0.3820891943760216
264 : -0.9268185216933489
265 : -4.139429485658184
266 : -1.5553064472042024
267 : -1.4341841861605644
268 : -1.1747802272439003
269 : -2.7602751282975078
270 : -0.996416600421071
271 : -1.0495305879740044
272 : -2.478721651248634
273 : -1.4655692595988512
274 : -1.2463657730259001
275 : -0.6054378040134907
276 : -7.767400973010808
277 : -0.9258402585983276
278 : -0.5230464525520802
279 : -7.068652720190585
280 : -1.5243234727531672
281 : -1.1857435109559447
282 : -1.0309164365753531
283 : -2.1569504300132394
284 : -2.5597079135477543
285 : 0.25243129255250096
286 : -1.9831773322075605
287 : 0.5377099867910147
288 : -5.08179896324873
289 : -1.627706727012992
290 : 1.9286004174500704
291 : 0.7239839406684041
292 : 0.10640409681946039
293 : -1.4801017637364566
294 : -0.7318169604986906
295 : 3.1439833007752895
296 : -1.0130308475345373
297 : -1.834377946332097
298 : -1.2603920502588153
299 : -2.8071865662932396
300 : -1.691242154687643
301 : 2.6940199472010136
302 : -1.4797391705214977
303 : -13.961090707220137
304 : -5.395397809334099
305 : -2.846592400688678
306 : 3.3464422980323434
307 : -2.5043058344163
308 : -1.3746644165366888
309 : -1.062160825356841
310 : 7.254008861258626
311 : -3.7031877413392067
312 : -3.7338497191667557
313 : -9.30457561078947
314 : -2.1851033344864845
315 : -1.4586636871099472
316 : -0.7038483275100589
317 : 1.1505752154625952
318 : -1.6557049788534641
319 : -1.2743807453662157
320 : -2.20586172118783
321 : 0.039393503218889236
322 : -0.2942334618419409
323 : -1.5727298114215955
324 : -1.7552887136116624
325 : -1.8944045547395945
326 : -0.886729565449059
327 : -0.5640340114478022
328 : -1.0910851657390594
329 : -4.689588983077556
330 : -1.6274785744026303
331 : -0.89830173086375
332 : -1.1083680263254791
333 : -0.6339970757253468
334 : -1.4965903097763658
335 : -1.410231760237366
336 : -1.4257643590681255
337 : -1.733894052915275
338 : -1.488387931138277
339 : -0.9926721295341849
340 : 0.6660275929607451
341 : 2.6960302093066275
342 : -4.465870154090226
343 : -2.2195089161396027
344 : -1.6755331987515092
345 : -2.628549315035343
346 : -1.5829490199685097
347 : -1.3163056392222643
348 : 2.399683117866516
349 : -1.9008958116173744
350 : -1.929446709342301
351 : -1.2751127341762185
352 : -2.341492522507906
353 : -1.9893917795270681
354 : -1.0607837163843215
355 : -0.9349789349362254
356 : -2.1144449448911473
357 : -1.5167703554034233
358 : -0.7923744139261544
359 : -1.202452663332224
360 : -0.9299738593399525
361 : -1.3924700682982802
362 : -0.4693036386743188
363 : -1.5550298900343478
364 : -1.5001643765717745
365 : 0.49145139940083027
366 : -3.1444795774295926
367 : 0.8985299374908209
368 : -3.2535180300474167
369 : 5.886262994259596
370 : -8.58681801133207
371 : -1.3370590833947062
372 : -1.891306041739881
373 : 0.0076898206025362015
374 : -1.4591988706961274
375 : -12.166694513522089
376 : -0.7604234963655472
377 : -1.0026936857029796
378 : -3.4312811344861984
379 : -2.6075902263983153
380 : -4.058810847811401
381 : -1.408407224342227
382 : -2.0807888759300113
383 : 0.6588158090598881
384 : -1.7741175957489759
385 : -2.5008305609226227
386 : 3.475721384398639
387 : 0.4306845194660127
388 : -1.1993315890431404
389 : -0.8355167079716921
390 : -1.8972887760028243
391 : 0.2878224244341254
392 : -1.4024317376315594
393 : 0.726458240300417
394 : -2.931894338224083
395 : 1.2481219698674977
396 : -1.5405427576042712
397 : -1.0999014065600932
398 : 2.3593154684640467
399 : -0.2994430761318654
400 : -0.7071381537243724
401 : -6.386505296453834
402 : -1.0186689347028732
403 : -1.0552980806678534
404 : -1.3829245148226619
405 : -1.13454510550946
406 : -2.5155347995460033
407 : 3.038595286430791
408 : -1.9751274138689041
409 : -1.7883014711551368
410 : -1.3913204829441383
411 : -2.344059269875288
412 : -3.444774294504896
413 : -2.8410994331352413
414 : -0.3142506843432784
415 : -1.2290309318341315
416 : -1.7122345655225217
417 : -2.917121744249016
418 : 4.659465973265469
419 : -1.4232642273418605
420 : 2.813617220148444
421 : -1.7001084182411432
422 : -1.2613746735733002
423 : -2.743824539706111
424 : -0.8036722168326378
425 : -2.0471986532211304
426 : 1.6829454654362053
427 : 3.651685285847634
428 : -1.8818461555056274
429 : -9.842696990817785
430 : -1.6691687586717308
431 : -0.4436473618261516
432 : -1.4116487391293049
433 : -1.4715228788554668
434 : -1.1326044828165323
435 : -3.7484258264303207
436 : -2.804253429174423
437 : -0.6789459083229303
438 : -3.340210993308574
439 : -1.3724911324679852
440 : -4.034752761013806
441 : -1.2287821313366294
442 : -1.2571093924343586
443 : -5.951130282133818
444 : -1.2510719513520598
445 : -3.5800799606367946
446 : -1.024618905968964
447 : -5.29856305802241
448 : -0.01881853397935629
449 : -1.59343168605119
450 : -1.4615509575232863
451 : -0.5230384925380349
452 : -1.2850176002830267
453 : -1.8886158298701048
454 : -0.2942250962369144
455 : -1.0885976781137288
456 : -2.01343977637589
457 : -0.024909962434321642
458 : 0.8700397741049528
459 : -7.392485846299678
460 : -0.8652457017451525
461 : 0.36689024744555354
462 : -11.712112528271973
463 : -3.001042829826474
464 : 0.5536138564348221
465 : 2.641005695797503
466 : -1.1718127480708063
467 : -0.027757972478866577
468 : 6.5903890412300825
469 : -1.6382296327501535
470 : -1.3230021013878286
471 : -0.19553702604025602
472 : 2.701030721887946
473 : -0.8601604141294956
474 : -1.121093320660293
475 : -1.1555656902492046
476 : -0.5826454404741526
477 : -2.798701424151659
478 : -4.794144233688712
479 : -2.8134980062022805
480 : -2.006957526318729
481 : -1.4390306654386222
482 : -7.415827355522197
483 : -2.763306848704815
484 : -7.856336100259796
485 : -5.069414542987943
486 : -1.0169904506765306
487 : -1.2053745896555483
488 : 3.6843106849119067
489 : -1.320101604796946
490 : -0.8781993403099477
491 : -1.394115924835205
492 : -1.6025460548698902
493 : -2.462775368709117
494 : -0.49076805729418993
495 : -3.053200920112431
496 : -1.2266530487686396
497 : 3.386412384919822
498 : 0.7823666222393513
499 : -1.657373952679336
500 : -4.558876344002783
501 : -1.603966448456049
502 : -1.2953516454435885
503 : -1.6028992079664022
504 : -0.9757637549191713
505 : -1.3714741580188274
506 : 10.01218199939467
507 : -1.4131398297613487
508 : -0.8310483633540571
509 : 2.024653486441821
510 : 0.7867915574461222
511 : -1.4205746348015964
512 : -0.7308121318928897
513 : 0.1665615919046104
514 : -1.0584264094941318
515 : 3.463335586246103
516 : -3.4884536815807223
517 : -1.5400672582909465
518 : -1.7135138362646103
519 : -1.7170674740336835
520 : -1.2437523771077394
521 : -3.9179016686975956
522 : -4.459076180122793
523 : -3.435938337352127
524 : -2.1051960811018944
525 : -0.8323756046593189
526 : 0.9896381692960858
527 : -1.3283232795074582
528 : 2.182465518824756
529 : -1.4399329107254744
530 : -0.8352794421371073
531 : -4.793395448941737
532 : -1.88084408454597
533 : -0.6704824976623058
534 : -7.689422309864312
535 : -1.777558658272028
536 : -3.7226882841205224
537 : -1.421928197145462
538 : -0.9984180331230164
539 : -2.9309897050261497
540 : -2.687709514051676
541 : -2.723926442209631
542 : -3.4922910630702972
543 : -0.483212361112237
544 : 1.4696557559072971
545 : -1.1860217968933284
546 : -1.8198404759168625
547 : 5.807671916671097
548 : -1.2174448142759502
549 : -2.02723415941
550 : -2.4444830622524023
551 : -6.288943280931562
552 : -1.67749884724617
553 : -1.1911256136372685
554 : -4.039828873239458
555 : -1.249050386250019
556 : 1.3583692400716245
557 : -0.6597838336601853
558 : -4.256183899007738
559 : -1.204285780666396
560 : -0.9591944245621562
561 : 10.91123428242281
562 : -2.7670981185510755
563 : -3.373186676762998
564 : -0.47585513815283775
565 : -2.790548271499574
566 : -1.3776761274784803
567 : 3.9542127158492804
568 : -10.862319039646536
569 : -1.6890774993225932
570 : 3.2348576774820685
571 : -1.9598100781440735
572 : -0.379090188536793
573 : -1.285145394736901
574 : -13.292853677645326
575 : -1.2053344147279859
576 : -2.5616252408362925
577 : -1.217843670397997
578 : -1.3251854926347733
579 : -1.3769963257946074
580 : -0.8347865748219192
581 : 0.1503732493147254
582 : -0.7728949734009802
583 : -2.3825132912024856
584 : -1.5744789354503155
585 : -1.3972736708819866
586 : -4.700284508056939
587 : -2.7388943694531918
588 : -1.560393588617444
589 : 5.117966141551733
590 : -1.2033173460513353
591 : -1.0531779462471604
592 : -2.557320731226355
593 : -0.9847717545926571
594 : 4.39529793523252
595 : -1.7598112896084785
596 : -1.457167441956699
597 : -1.0365198580548167
598 : -0.7780310157686472
599 : -1.8843642342835665
600 : -5.728891918435693
601 : 0.4113957597874105
602 : -1.5455584395676851
603 : 2.0201883593108505
604 : -1.4269899080973119
605 : -1.3897633831948042
606 : -1.3817023918963969
607 : -3.6742247277870774
608 : -6.51123584061861
609 : -1.065891133621335
610 : -2.1498325169086456
611 : 4.872647223062813
612 : -1.586182288825512
613 : -1.4763324549421668
614 : -1.462582653388381
615 : -1.8766172975301743
616 : -0.0644987877458334
617 : -4.271632796153426
618 : -1.1834439584054053
619 : -1.530533544253558
620 : -1.4037873931229115
621 : -0.14517809194512665
622 : -1.4802843555808067
623 : -0.2548320966307074
624 : -1.290708308108151
625 : -0.6369575117714703
626 : -1.0988090755417943
627 : -1.1378048895858228
628 : -1.3433342617936432
629 : -5.234931548475288
630 : -0.6908958042040467
631 : -3.580789709929377
632 : -2.959887188859284
633 : -0.8870306704193354
634 : -4.987986860796809
635 : -2.0080113857984543
636 : -1.3542763646692038
637 : -1.4660982750356197
638 : -1.3801891654729843
639 : 0.683633980108425
640 : -0.18288863846100867
641 : -1.1389940429944545
642 : -4.562002215068787
643 : -1.2652899958193302
644 : 2.705747416242957
645 : -0.9714500121772289
646 : -1.7246268671005964
647 : 0.14736223127692938
648 : -3.571080796420574
649 : -5.402933312114328
650 : -5.783035084605217
651 : -1.48812235891819
652 : -4.974239839240909
653 : -1.4171293042600155
654 : -1.3982553109526634
655 : -1.9976105811074376
656 : -0.6326277544721961
657 : -0.48035925906151533
658 : -1.3438460598699749
659 : 2.5454305419698358
660 : -1.3103580493479967
661 : 1.0411466658115387
662 : -1.2486947383731604
663 : -1.3405705001205206
664 : -4.768025264143944
665 : -0.3103677658364177
666 : -0.6882756566628814
667 : 5.062638057861477
668 : -1.1534029562026262
669 : -1.2895806320011616
670 : -1.0535723003558815
671 : -1.1569858714938164
672 : 3.1105943573638797
673 : -1.2384184869006276
674 : -5.787697006482631
675 : -1.6293729550670832
676 : -2.4911260213702917
677 : -2.3401037603616714
678 : -0.824557923246175
679 : -2.1760045401751995
680 : -0.6439092382788658
681 : -1.4160687634721398
682 : -1.7242102790623903
683 : -5.108644932624884
684 : -1.4673040015622973
685 : -1.5642934758216143
686 : -0.944239585660398
687 : -1.0513463700190187
688 : 0.3015499454922974
689 : -0.5894980784505606
690 : -1.1368246674537659
691 : -1.0447567459195852
692 : -1.2728087231516838
693 : -0.391901230905205
694 : -0.882374724606052
695 : -0.8736599488183856
696 : -1.004530768841505
697 : -0.8237265972420573
698 : 8.248950178734958
699 : -9.30644952133298
700 : -4.508255039341748
701 : -3.0681356312707067
702 : -2.904072316363454
703 : -1.5106894271448255
704 : 0.11231747828423977
705 : 3.8191383108496666
706 : -2.1232024235650897
707 : -1.6265432480722666
708 : -1.3869764916598797
709 : -0.7550397282466292
710 : -0.5838710889220238
711 : 2.0705146938562393
712 : -6.9187592109665275
713 : -1.2982969135046005
714 : 1.0304721966385841
715 : -6.442682188702747
716 : -0.14511718088760972
717 : -3.199766498990357
718 : -1.5949145816266537
719 : 2.0411770530045033
720 : -0.900133615359664
721 : -1.513295192271471
722 : 3.0938470996916294
723 : 1.2592660249210894
724 : -0.6593345198780298
725 : -0.9599093892611563
726 : -0.25661062356084585
727 : -2.454544149339199
728 : 1.2990892636589706
729 : 4.602398844435811
730 : -0.4685042863711715
731 : -3.7732701376080513
732 : -0.8682635743170977
733 : -0.9720474709756672
734 : 0.403249385766685
735 : -6.484545078128576
736 : 0.9878011774271727
737 : -3.5531597221270204
738 : -3.9270124807953835
739 : -0.8651341330260038
740 : 11.046811623615213
741 : -0.18851105775684118
742 : -1.728829693980515
743 : -0.6915723029524088
744 : 1.6589627470821142
745 : 9.609499348793179
746 : -2.431112710852176
747 : -1.7065016701817513
748 : 2.7118299584835768
749 : -2.64784668199718
750 : -3.8624292770400643
751 : -11.443979156203568
752 : -1.0962822195142508
753 : -1.16088851634413
754 : 3.018912935629487
755 : -2.748121545650065
756 : -1.8877929374575615
757 : -5.308446656912565
758 : 2.7571372240781784
759 : -3.335907024797052
760 : 0.35438266675919294
761 : 2.3098724773153663
762 : -1.4154020883142948
763 : 1.9249660642817616
764 : -1.0154230305925012
765 : -1.081483954563737
766 : -2.37338063120842
767 : -1.0497655114158988
768 : -1.5814123265445232
769 : -2.266480722464621
770 : 6.480117199476808
771 : -2.089291440322995
772 : -1.5769993541762233
773 : 4.998332159593701
774 : -1.7565684840083122
775 : -0.5727699361741543
776 : -1.002764068543911
777 : -1.4342630319297314
778 : 0.6106180157512426
779 : 2.2053068168461323
780 : 12.407625187188387
781 : -0.6515094405040145
782 : -6.068375870585442
783 : -0.9769039102829993
784 : -0.8255931176245213
785 : -22.543566847685724
786 : -9.72025047801435
787 : -1.7194199208170176
788 : 4.469095416367054
789 : -0.9361738879233599
790 : -1.1950449217110872
791 : -5.235334739089012
792 : -5.520132479141466
793 : 1.8312218328937888
794 : -1.8409778904169798
795 : -0.5040048724040389
796 : 1.3869195505976677
797 : -1.3934964388608932
798 : -16.19881632225588
799 : -1.7434874973259866
800 : -1.2314458526670933
801 : -0.9996512681245804
802 : -6.5751847717911005
803 : -0.9714424614794552
804 : -1.4278349485248327
805 : -0.4924535299651325
806 : 3.881093705072999
807 : -0.7338386178016663
808 : 3.8931431751698256
809 : -0.9156479509547353
810 : -2.2101162313483655
811 : -1.4425242356956005
812 : -0.5235814824700356
813 : 2.0530431950464845
814 : -10.478103772737086
815 : -0.039593533147126436
816 : 1.6013503689318895
817 : -0.9388815816491842
818 : -1.4831819897517562
819 : -0.591012654826045
820 : 2.8485918818041682
821 : -2.83131418004632
822 : -0.9985727993771434
823 : -0.9997688233852386
824 : -0.9570969427004457
825 : 0.10777422040700912
826 : -1.131067548878491
827 : -3.674542596330866
828 : -0.5198488687165082
829 : -5.636725587770343
830 : -1.1342433579266071
831 : -0.8376839570701122
832 : -1.7302611898630857
833 : 0.09846977982670069
834 : -1.254553590901196
835 : -1.8517454378306866
836 : -1.7252727607265115
837 : -1.8879229947924614
838 : 0.42557834181934595
839 : -1.3341223243041895
840 : 0.1893595876172185
841 : 0.8643722124397755
842 : -2.4359855921939015
843 : -0.4006343553774059
844 : -0.07322123600170016
845 : -1.0352539904415607
846 : -0.9845456499606371
847 : -1.777383392676711
848 : -1.0937793557532132
849 : -2.7379280179739
850 : -1.5177727257832885
851 : -0.6705999402329326
852 : 1.7474797889590263
853 : -1.4273510556668043
854 : 5.832036185543984
855 : -2.6093335300683975
856 : 0.39084157813340425
857 : -1.3838259438052773
858 : -1.7473486736416817
859 : -1.065565902274102
860 : -1.4021784379146993
861 : -7.4850853234529495
862 : 1.0495043145492673
863 : -1.0692406529560685
864 : 0.6198053006082773
865 : -1.7242723554372787
866 : -5.102810883894563
867 : -1.15643190452829
868 : -0.9341403618454933
869 : -0.952567761298269
870 : -1.231809789314866
871 : -1.519714338472113
872 : 1.6414480367675424
873 : -1.4196165446192026
874 : -3.035428002476692
875 : -1.1645743395201862
876 : 0.6828617099672556
877 : -3.9260465931147337
878 : 8.924801042303443
879 : -1.4945585578680038
880 : 4.454218186903745
881 : 7.24827884696424
882 : -2.0737358815968037
883 : -0.759230513125658
884 : -0.9981687106192112
885 : -1.071491643320769
886 : -0.974553445354104
887 : -3.7918972689658403
888 : -1.1772561985999346
889 : -1.1554889320395887
890 : 0.038254942279309034
891 : -3.8652232866734266
892 : -1.6958856908604503
893 : -0.049224444665014744
894 : -1.591350980103016
895 : -0.7916592210531235
896 : -0.5078198774717748
897 : -6.7898639044724405
898 : 1.7209242689423263
899 : -2.872054116334766
900 : -1.8888066313229501
901 : -1.1994022214785218
902 : -2.2408641427755356
903 : -1.6569454222917557
904 : -5.470241229981184
905 : -1.170445242896676
906 : -0.9564131703227758
907 : -1.3342888057231903
908 : 6.992186957970262
909 : -5.9808535017073154
910 : -0.8121261978521943
911 : -4.138904323801398
912 : -0.9375227447599173
913 : 2.3564886394888163
914 : -2.306700810790062
915 : -1.2001779115526006
916 : -5.450860624667257
917 : -2.0049634501338005
918 : -1.2213906808756292
919 : -0.377815805375576
920 : -2.2070321782957762
921 : -5.418315092101693
922 : -1.9606636483222246
923 : -1.8787382692098618
924 : -0.9137613978236914
925 : -1.7248726217076182
926 : -0.6981456344947219
927 : 1.9774416889995337
928 : -1.1243111044168472
929 : -0.959553349763155
930 : -1.4950748644769192
931 : 4.720553632825613
932 : -1.168355530127883
933 : -3.7379751643165946
934 : 0.8426924590021372
935 : -5.257537170313299
936 : -0.9566069790162146
937 : -7.34263455576729
938 : -1.5149875460192561
939 : -1.6760327406227589
940 : -0.7751301196403801
941 : 2.057273592799902
942 : -1.2177919917739928
943 : 6.3935905657708645
944 : -2.301616307348013
945 : 2.303484022151679
946 : -0.1501422415021807
947 : 0.5142522018868476
948 : 0.499761326238513
949 : 3.07689241040498
950 : -1.9819546211510897
951 : -0.5177378440275788
952 : -1.1926434189081192
953 : -1.8309016041457653
954 : -2.227327508851886
955 : 0.43363367614801973
956 : -0.6650830642320216
957 : 4.1768653290346265
958 : -0.7897910671308637
959 : -1.584033902734518
960 : 1.2535105659626424
961 : -0.9520458951592445
962 : -1.2283531203866005
963 : -1.1654324601404369
964 : -1.7426428525941446
965 : -3.011618417687714
966 : -1.2569238506257534
967 : -0.8593616695143282
968 : -0.20457633212208748
969 : -3.1498297452926636
970 : -2.5124481078237295
971 : 0.6929500810801983
972 : -4.409742383286357
973 : -6.299884716980159
974 : -0.9322293717414141
975 : -1.0947764292359352
976 : -1.365813751355745
977 : -1.3484244169667363
978 : -1.4460074622184038
979 : -1.2993661109358072
980 : -1.5674923546612263
981 : 0.3042308506555855
982 : 3.884234329685569
983 : -1.2372957337647676
984 : -1.0676044691354036
985 : -2.9008499667979777
986 : -9.363336228299886
987 : -2.1240647421218455
988 : -1.7059900374151766
989 : 1.3056346662342548
990 : -6.409966040402651
991 : 0.09348195185884833
992 : 0.29756846372038126
993 : 1.051176343113184
994 : -0.8715771241113544
995 : 0.6832643272355199
996 : -0.5685392501764
997 : -0.024579202756285667
998 : -3.1061108987778425
999 : -5.462399560958147
Setting up 2 worker threads for Enlighten.
  Thread -> id: 7fc121a25700 -> priority: 1 
  Thread -> id: 7fc121224700 -> priority: 1 
2020-06-24 04:09:42 INFO [environment.py:418] Environment shut down with return code 0.
[I 2020-06-24 04:09:42,560] Finished trial#154 with value: -5.462399560958147 with parameters: {'update_time_steps': 7168, 'ppo_epochs': 12, 'gamma': 0.965260225843924, 'beta': 0.0796353748928022}. Best is trial#148 with value: -6.7115356754511595.
Found path: /home/j/jensenj/PycharmProjects/Federer-Jr./src/../crawler_single/linux/dynamic_server/crawler_dynamic.x86_64
Mono path[0] = '/home/j/jensenj/PycharmProjects/Federer-Jr./src/../crawler_single/linux/dynamic_server/crawler_dynamic_Data/Managed'
Mono config path = '/home/j/jensenj/PycharmProjects/Federer-Jr./src/../crawler_single/linux/dynamic_server/crawler_dynamic_Data/MonoBleedingEdge/etc'
Preloaded 'lib_burst_generated.so'
Preloaded 'libgrpc_csharp_ext.x64.so'
Initialize engine version: 2019.3.15f1 (59ff3e03856d)
[Subsystems] Discovering subsystems at path /home/j/jensenj/PycharmProjects/Federer-Jr./src/../crawler_single/linux/dynamic_server/crawler_dynamic_Data/UnitySubsystems
Forcing GfxDevice: Null
GfxDevice: creating device client; threaded=0
NullGfxDevice:
    Version:  NULL 1.0 [1.0]
    Renderer: Null Device
    Vendor:   Unity Technologies
Begin MonoManager ReloadAssembly
- Completed reload, in  0.099 seconds
WARNING: Shader Unsupported: 'Autodesk Interactive' - All passes removed
WARNING: Shader Did you use #pragma only_renderers and omit this platform?
UnloadTime: 0.384841 ms
Fallback handler could not load library /home/j/jensenj/PycharmProjects/Federer-Jr./src/../crawler_single/linux/dynamic_server/crawler_dynamic_Data/Mono/libcoreclr.so
Fallback handler could not load library /home/j/jensenj/PycharmProjects/Federer-Jr./src/../crawler_single/linux/dynamic_server/crawler_dynamic_Data/Mono/libcoreclr.so
Fallback handler could not load library /home/j/jensenj/PycharmProjects/Federer-Jr./src/../crawler_single/linux/dynamic_server/crawler_dynamic_Data/Mono/libcoreclr.so
Fallback handler could not load library /home/j/jensenj/PycharmProjects/Federer-Jr./src/../crawler_single/linux/dynamic_server/crawler_dynamic_Data/Mono/libSystem.dylib
Fallback handler could not load library /home/j/jensenj/PycharmProjects/Federer-Jr./src/../crawler_single/linux/dynamic_server/crawler_dynamic_Data/Mono/libSystem.dylib.so
Fallback handler could not load library /home/j/jensenj/PycharmProjects/Federer-Jr./src/../crawler_single/linux/dynamic_server/crawler_dynamic_Data/Mono/libSystem.dylib
Fallback handler could not load library /home/j/jensenj/PycharmProjects/Federer-Jr./src/../crawler_single/linux/dynamic_server/crawler_dynamic_Data/Mono/libcoreclr.so
Fallback handler could not load library /home/j/jensenj/PycharmProjects/Federer-Jr./src/../crawler_single/linux/dynamic_server/crawler_dynamic_Data/Mono/libcoreclr.so
Fallback handler could not load library /home/j/jensenj/PycharmProjects/Federer-Jr./src/../crawler_single/linux/dynamic_server/crawler_dynamic_Data/Mono/libcoreclr.so
Fallback handler could not load library /home/j/jensenj/PycharmProjects/Federer-Jr./src/../crawler_single/linux/dynamic_server/crawler_dynamic_Data/Mono/libSystem.dylib
Fallback handler could not load library /home/j/jensenj/PycharmProjects/Federer-Jr./src/../crawler_single/linux/dynamic_server/crawler_dynamic_Data/Mono/libSystem.dylib.so
Fallback handler could not load library /home/j/jensenj/PycharmProjects/Federer-Jr./src/../crawler_single/linux/dynamic_server/crawler_dynamic_Data/Mono/libSystem.dylib
2020-06-24 04:09:43 INFO [environment.py:108] Connected to Unity environment with package version 1.0.2 and communication version 1.0.0
2020-06-24 04:09:43 INFO [environment.py:265] Connected new brain:
CrawlerDynamic?team=0
2020-06-24 04:09:43 WARNING [__init__.py:92] The environment contains multiple observations. You must define allow_multiple_obs=True to receive them all. Otherwise, only the first visual observation (or vector observation ifthere are no visual observations) will be provided in the observation.
{'nr_output_features': 20, 'nr_input_features': 126, 'env': <gym_unity.envs.UnityToGymWrapper object at 0x7f1ee8458c18>, 'alpha': 0.003, 'tau': 0.95, 'clip': 0.2, 'minibatch_size': 32, 'hidden_units': 512, 'update_time_steps': 9216, 'ppo_epochs': 17, 'gamma': 0.9746011353516844, 'beta': 0.0399883522120298}
0 : 0.015379408374428749
1 : -0.5270397439599037
2 : -0.622999950312078
3 : -1.4821030888706446
4 : -1.074472414329648
5 : -0.28689244389533997
6 : -1.6769429426640272
7 : 2.4471339248120785
8 : -0.6968496795743704
9 : -2.1375025743618608
10 : -1.3516209446825087
11 : 9.407365848310292
12 : -3.3029094226658344
13 : -1.5264010187238455
14 : -1.462223432958126
15 : -1.3231153404340148
16 : -0.2997150868177414
17 : -1.6171684619039297
18 : -1.648708265274763
19 : -1.0384347420185804
20 : -2.2471134224906564
21 : -1.3338235635310411
22 : -0.054042003117501736
23 : -0.0685639176517725
24 : -3.3246927275322378
25 : -1.4019231470301747
26 : -0.9674291191622615
27 : -2.9186029764823616
28 : -1.4388336166739464
29 : -1.4735418278723955
30 : -0.8220518990419805
31 : -4.233278498984873
32 : -1.4362514223903418
33 : -1.35422433167696
34 : -6.132482048124075
35 : -1.3369786385446787
36 : -0.8616778366267681
37 : -2.777813987340778
38 : -1.9834525063633919
39 : -1.0365183549001813
40 : -1.065481660887599
41 : -0.054842553567141294
42 : -1.5280184308066964
43 : -1.1144146025180817
44 : -0.28128019720315933
45 : -1.0464223697781563
46 : -0.9686657059937716
47 : -1.2741067283786833
48 : -2.6278754856903106
49 : -1.3850587937049568
50 : -0.9933075271546841
51 : -1.001519015058875
52 : -0.9770078156143427
53 : 2.2927145143039525
54 : -2.9109174385666847
55 : -1.4989999304525554
56 : -0.8724417006596923
57 : -1.1164309398736805
58 : -0.3575495705008507
59 : -1.0057528992183506
60 : -0.23997006844729185
61 : -1.637178510427475
62 : -0.6428577937185764
63 : -0.8488645358011127
64 : -1.4418292865157127
65 : -1.553100187331438
66 : -5.166565164923668
67 : -0.6966152768582106
68 : -0.7098614359274507
69 : -0.9371914695948362
70 : -1.6885075643658638
71 : -0.7404365837574005
72 : -1.792696975171566
73 : -1.3042607260867953
74 : 2.2426074855029583
75 : -1.1687788758426905
76 : -1.1518734944984317
77 : -1.1250881999731064
78 : -3.37866618973203
79 : -1.5152183808386326
80 : 6.444950384087861
81 : -0.6882536732591689
82 : -0.9779671123251319
83 : 9.562601656129118
84 : -1.2849861020222306
85 : -0.9473667535930872
86 : 0.4731674753129482
87 : -1.8515131324529648
88 : -1.1748947650194168
89 : 0.5527346692979336
90 : -1.9212142266333103
91 : -1.2079433985054493
92 : -1.1813845736905932
93 : -1.6708769174292684
94 : -1.5261714458465576
95 : -0.5894447811879218
96 : -2.0411507226526737
97 : -1.8319148868322372
98 : -2.5778186982497573
99 : -1.7327396078035235
100 : -4.931137312203646
101 : 1.4310518890852109
102 : -1.4891350641846657
103 : -1.76200901158154
104 : -1.928410418331623
105 : -0.7940172515809536
106 : -0.013763108290731907
107 : -3.031381091568619
108 : -2.4236899372190237
109 : -0.5869015972130001
110 : -1.2957823346368968
111 : -1.5772963128983974
112 : -0.7638672435423359
113 : -3.046303484821692
114 : 0.6472792234271765
115 : -1.9036024706438184
116 : -1.0599983781576157
117 : 1.2935367142781615
118 : -3.0559585485607386
119 : -1.6734033040702343
120 : -0.7473416812717915
121 : -1.0488501666113734
122 : -1.3460082914680243
123 : -2.1542421746999025
124 : -1.0607803580351174
125 : 0.639300093986094
126 : -2.6370692271739244
127 : 7.209513037465513
128 : -4.177800424396992
129 : -2.4283158499747515
130 : 0.6429305141791701
131 : -0.8995431996881962
132 : -0.829937242437154
133 : -0.9967544227838516
134 : -5.5951877143234015
135 : -1.0101487636566162
136 : -0.7768810379639035
137 : -0.9016385013237596
138 : -1.033970320597291
139 : -1.613541416823864
140 : 5.675035608932376
141 : -1.3439072580076754
142 : -1.5035826154053211
143 : -1.7848302582278848
144 : -0.9410695214755833
145 : -0.9505646266043186
146 : -5.736718188971281
147 : -0.36237841844558716
148 : -1.2434561178088188
149 : -12.051685177721083
150 : -1.5388915315270424
151 : -0.2891769390553236
152 : -14.756689007859677
153 : -2.5266422675922513
154 : -1.5163969276472926
155 : -1.410638004541397
156 : 1.1126913065090775
157 : -3.6098938658833504
158 : -1.5522093921899796
159 : -5.005125859752297
160 : 8.275029637850821
161 : -1.2156384941190481
162 : -1.0754758736584336
163 : -1.2741253292188048
164 : 2.762323796749115
165 : -1.6338995844125748
166 : -0.9958004523068666
167 : -1.1171867176890373
168 : -1.6468468280509114
169 : -1.3438206179998815
170 : -2.2697296366095543
171 : -5.5337811121717095
172 : -2.773626041598618
173 : -0.16296729166060686
174 : 1.6742046754807234
175 : -1.4860287979245186
176 : 0.18237706273794174
177 : -1.0450848015025258
178 : -0.8626213008537889
179 : -1.544876005500555
180 : -1.0385365069378167
181 : -0.9744678516872227
182 : -4.694610969629139
183 : -1.9130775071680546
184 : -1.7730158977210522
185 : -1.3678766619414091
186 : 2.8345927812624723
187 : -1.3345129285007715
188 : -1.4688166296109557
189 : -7.005590205080807
190 : -1.0392713602632284
191 : 0.4555789406877011
192 : -0.9162820987403393
193 : -1.9021119331009686
194 : -2.3982026875019073
195 : -0.9982578381896019
196 : -1.3527484550140798
197 : -1.9708756813779473
198 : -4.1331413593143225
199 : -1.5131576391868293
200 : -0.7340825032442808
201 : -2.08273843023926
202 : -1.6454696394503117
203 : -0.5634050949010998
204 : -6.017855428624898
205 : -1.021981784608215
206 : -1.191987867001444
207 : -1.0474562076851726
208 : -1.3845904511399567
209 : -0.6781647019088268
210 : -0.7119754422456026
211 : -1.2871474465355277
212 : -2.0113925356417894
213 : -0.6303719731513411
214 : -3.355777971446514
215 : -0.4945737309753895
[W 2020-06-24 04:14:19,308] Setting status of trial#182 as TrialState.FAIL because of the following error: ValueError('array split does not result in an equal division',)
Traceback (most recent call last):
  File "/home/j/jensenj/.local/lib/python3.6/site-packages/numpy/lib/shape_base.py", line 867, in split
    len(indices_or_sections)
TypeError: object of type 'int' has no len()

During handling of the above exception, another exception occurred:

Traceback (most recent call last):
  File "/home/j/jensenj/.local/lib/python3.6/site-packages/optuna/study.py", line 734, in _run_trial
    result = func(trial)
  File "main-optuna.py", line 88, in objective
    returns = [episode(env, agent, params, writer, i) for i in range(training_episodes)]
  File "main-optuna.py", line 88, in <listcomp>
    returns = [episode(env, agent, params, writer, i) for i in range(training_episodes)]
  File "main-optuna.py", line 40, in episode
    agent.update(next_state)
  File "/home/j/jensenj/PycharmProjects/Federer-Jr./src/ppo.py", line 140, in update
    for states, actions, old_log_probs, returns, advantages in self.memory.sample_batch(self.minibatch_size, next_value):
  File "/home/j/jensenj/PycharmProjects/Federer-Jr./src/ppo.py", line 44, in sample_batch
    ids = np.split(ids, batch_size // minibatch_size)
  File "<__array_function__ internals>", line 6, in split
  File "/home/j/jensenj/.local/lib/python3.6/site-packages/numpy/lib/shape_base.py", line 873, in split
    'array split does not result in an equal division')
ValueError: array split does not result in an equal division
Traceback (most recent call last):
  File "/home/j/jensenj/.local/lib/python3.6/site-packages/numpy/lib/shape_base.py", line 867, in split
    len(indices_or_sections)
TypeError: object of type 'int' has no len()

During handling of the above exception, another exception occurred:

Traceback (most recent call last):
  File "main-optuna.py", line 103, in <module>
    study.optimize(objective, n_trials=1000)
  File "/home/j/jensenj/.local/lib/python3.6/site-packages/optuna/study.py", line 339, in optimize
    func, n_trials, timeout, catch, callbacks, gc_after_trial, None
  File "/home/j/jensenj/.local/lib/python3.6/site-packages/optuna/study.py", line 682, in _optimize_sequential
    self._run_trial_and_callbacks(func, catch, callbacks, gc_after_trial)
  File "/home/j/jensenj/.local/lib/python3.6/site-packages/optuna/study.py", line 713, in _run_trial_and_callbacks
    trial = self._run_trial(func, catch, gc_after_trial)
  File "/home/j/jensenj/.local/lib/python3.6/site-packages/optuna/study.py", line 734, in _run_trial
    result = func(trial)
  File "main-optuna.py", line 88, in objective
    returns = [episode(env, agent, params, writer, i) for i in range(training_episodes)]
  File "main-optuna.py", line 88, in <listcomp>
    returns = [episode(env, agent, params, writer, i) for i in range(training_episodes)]
  File "main-optuna.py", line 40, in episode
    agent.update(next_state)
  File "/home/j/jensenj/PycharmProjects/Federer-Jr./src/ppo.py", line 140, in update
    for states, actions, old_log_probs, returns, advantages in self.memory.sample_batch(self.minibatch_size, next_value):
  File "/home/j/jensenj/PycharmProjects/Federer-Jr./src/ppo.py", line 44, in sample_batch
    ids = np.split(ids, batch_size // minibatch_size)
  File "<__array_function__ internals>", line 6, in split
  File "/home/j/jensenj/.local/lib/python3.6/site-packages/numpy/lib/shape_base.py", line 873, in split
    'array split does not result in an equal division')
ValueError: array split does not result in an equal division
Setting up 2 worker threads for Enlighten.
  Thread -> id: 7f44b37fe700 -> priority: 1 
  Thread -> id: 7f44b2ffd700 -> priority: 1 
2020-06-24 04:14:19 INFO [environment.py:418] Environment shut down with return code 0.
