slurmstepd-loisach: error: Unable to create TMPDIR [/tmp/user/30108]: Permission denied
slurmstepd-loisach: error: Setting TMPDIR to /tmp
Found path: /home/j/jensenj/PycharmProjects/Federer-Jr./src/../crawler_single/linux/dynamic_server/crawler_dynamic.x86_64
Mono path[0] = '/home/j/jensenj/PycharmProjects/Federer-Jr./src/../crawler_single/linux/dynamic_server/crawler_dynamic_Data/Managed'
Mono config path = '/home/j/jensenj/PycharmProjects/Federer-Jr./src/../crawler_single/linux/dynamic_server/crawler_dynamic_Data/MonoBleedingEdge/etc'
Preloaded 'lib_burst_generated.so'
Preloaded 'libgrpc_csharp_ext.x64.so'
Initialize engine version: 2019.3.15f1 (59ff3e03856d)
[Subsystems] Discovering subsystems at path /home/j/jensenj/PycharmProjects/Federer-Jr./src/../crawler_single/linux/dynamic_server/crawler_dynamic_Data/UnitySubsystems
Forcing GfxDevice: Null
GfxDevice: creating device client; threaded=0
NullGfxDevice:
    Version:  NULL 1.0 [1.0]
    Renderer: Null Device
    Vendor:   Unity Technologies
Begin MonoManager ReloadAssembly
- Completed reload, in  0.103 seconds
WARNING: Shader Unsupported: 'Autodesk Interactive' - All passes removed
WARNING: Shader Did you use #pragma only_renderers and omit this platform?
UnloadTime: 0.427504 ms
Fallback handler could not load library /home/j/jensenj/PycharmProjects/Federer-Jr./src/../crawler_single/linux/dynamic_server/crawler_dynamic_Data/Mono/libcoreclr.so
Fallback handler could not load library /home/j/jensenj/PycharmProjects/Federer-Jr./src/../crawler_single/linux/dynamic_server/crawler_dynamic_Data/Mono/libcoreclr.so
Fallback handler could not load library /home/j/jensenj/PycharmProjects/Federer-Jr./src/../crawler_single/linux/dynamic_server/crawler_dynamic_Data/Mono/libcoreclr.so
Fallback handler could not load library /home/j/jensenj/PycharmProjects/Federer-Jr./src/../crawler_single/linux/dynamic_server/crawler_dynamic_Data/Mono/libSystem.dylib
Fallback handler could not load library /home/j/jensenj/PycharmProjects/Federer-Jr./src/../crawler_single/linux/dynamic_server/crawler_dynamic_Data/Mono/libSystem.dylib.so
Fallback handler could not load library /home/j/jensenj/PycharmProjects/Federer-Jr./src/../crawler_single/linux/dynamic_server/crawler_dynamic_Data/Mono/libSystem.dylib
Fallback handler could not load library /home/j/jensenj/PycharmProjects/Federer-Jr./src/../crawler_single/linux/dynamic_server/crawler_dynamic_Data/Mono/libcoreclr.so
Fallback handler could not load library /home/j/jensenj/PycharmProjects/Federer-Jr./src/../crawler_single/linux/dynamic_server/crawler_dynamic_Data/Mono/libcoreclr.so
Fallback handler could not load library /home/j/jensenj/PycharmProjects/Federer-Jr./src/../crawler_single/linux/dynamic_server/crawler_dynamic_Data/Mono/libcoreclr.so
Fallback handler could not load library /home/j/jensenj/PycharmProjects/Federer-Jr./src/../crawler_single/linux/dynamic_server/crawler_dynamic_Data/Mono/libSystem.dylib
Fallback handler could not load library /home/j/jensenj/PycharmProjects/Federer-Jr./src/../crawler_single/linux/dynamic_server/crawler_dynamic_Data/Mono/libSystem.dylib.so
Fallback handler could not load library /home/j/jensenj/PycharmProjects/Federer-Jr./src/../crawler_single/linux/dynamic_server/crawler_dynamic_Data/Mono/libSystem.dylib
/home/j/jensenj/.local/lib/python3.6/site-packages/tensorboard/compat/tensorflow_stub/dtypes.py:541: FutureWarning: Passing (type, 1) or '1type' as a synonym of type is deprecated; in a future version of numpy, it will be understood as (type, (1,)) / '(1,)type'.
  _np_qint8 = np.dtype([("qint8", np.int8, 1)])
/home/j/jensenj/.local/lib/python3.6/site-packages/tensorboard/compat/tensorflow_stub/dtypes.py:542: FutureWarning: Passing (type, 1) or '1type' as a synonym of type is deprecated; in a future version of numpy, it will be understood as (type, (1,)) / '(1,)type'.
  _np_quint8 = np.dtype([("quint8", np.uint8, 1)])
/home/j/jensenj/.local/lib/python3.6/site-packages/tensorboard/compat/tensorflow_stub/dtypes.py:543: FutureWarning: Passing (type, 1) or '1type' as a synonym of type is deprecated; in a future version of numpy, it will be understood as (type, (1,)) / '(1,)type'.
  _np_qint16 = np.dtype([("qint16", np.int16, 1)])
/home/j/jensenj/.local/lib/python3.6/site-packages/tensorboard/compat/tensorflow_stub/dtypes.py:544: FutureWarning: Passing (type, 1) or '1type' as a synonym of type is deprecated; in a future version of numpy, it will be understood as (type, (1,)) / '(1,)type'.
  _np_quint16 = np.dtype([("quint16", np.uint16, 1)])
/home/j/jensenj/.local/lib/python3.6/site-packages/tensorboard/compat/tensorflow_stub/dtypes.py:545: FutureWarning: Passing (type, 1) or '1type' as a synonym of type is deprecated; in a future version of numpy, it will be understood as (type, (1,)) / '(1,)type'.
  _np_qint32 = np.dtype([("qint32", np.int32, 1)])
/home/j/jensenj/.local/lib/python3.6/site-packages/tensorboard/compat/tensorflow_stub/dtypes.py:550: FutureWarning: Passing (type, 1) or '1type' as a synonym of type is deprecated; in a future version of numpy, it will be understood as (type, (1,)) / '(1,)type'.
  np_resource = np.dtype([("resource", np.ubyte, 1)])
2020-06-24 03:42:32 INFO [environment.py:108] Connected to Unity environment with package version 1.0.2 and communication version 1.0.0
2020-06-24 03:42:32 INFO [environment.py:265] Connected new brain:
CrawlerDynamic?team=0
2020-06-24 03:42:32 WARNING [__init__.py:92] The environment contains multiple observations. You must define allow_multiple_obs=True to receive them all. Otherwise, only the first visual observation (or vector observation ifthere are no visual observations) will be provided in the observation.
/home/j/jensenj/.local/lib/python3.6/site-packages/gym/logger.py:30: UserWarning: WARN: Box bound precision lowered by casting to float32
  warnings.warn(colorize('%s: %s'%('WARN', msg % args), 'yellow'))
{'nr_output_features': 20, 'nr_input_features': 126, 'env': <gym_unity.envs.UnityToGymWrapper object at 0x7f600d3aaef0>, 'alpha': 0.003, 'tau': 0.95, 'clip': 0.2, 'minibatch_size': 32, 'hidden_units': 512, 'update_time_steps': 7168, 'ppo_epochs': 12, 'gamma': 0.9641576643206063, 'beta': 0.05567068667438715}
0 : -0.00622349651530385
1 : 0.36269697453826666
2 : -0.49129559379071
3 : -1.032073806039989
4 : -1.0228365175426006
5 : -0.9976667682640254
6 : 1.7730307150632143
7 : -1.9265346750617027
8 : -0.08427154878154397
9 : -1.2990520866587758
10 : -0.874340245500207
11 : -3.298612053040415
12 : -2.7914283238351345
13 : -1.2117245253175497
14 : -5.8325836239382625
15 : -1.030075628310442
16 : -1.770946392789483
17 : -0.9181441362015903
18 : -1.1711241020821035
19 : -1.4150073025375605
20 : -1.355684656649828
21 : -1.5743135372176766
22 : -0.8159257653169334
23 : -1.1251981919631362
24 : -1.543635442852974
25 : -1.3039848487824202
26 : -0.9189384514465928
27 : -0.3793895593844354
28 : -1.0826428849250078
29 : -1.3843180369585752
30 : -1.8063764292746782
31 : -0.7970815245062113
32 : -0.6038735378533602
33 : -1.7243320308625698
34 : -0.06825400306843221
35 : -0.989279736764729
36 : -1.4176954720169306
37 : -3.043574158102274
38 : 1.1692695803940296
39 : -1.4268297096714377
40 : -0.8065635096281767
41 : 0.3509606532752514
42 : -0.576708682347089
43 : 1.7522536213509738
44 : 2.6194586642086506
45 : -1.9435136672109365
46 : -1.1433284934610128
47 : -0.7825772375799716
48 : -7.622841130010784
49 : -1.3445683501195163
50 : -1.6844681166112423
51 : -12.329005952458829
52 : -0.06898849550634623
53 : -1.091807272285223
54 : -1.4214337393641472
55 : -6.980907849036157
56 : -3.2258166656829417
57 : -1.0364152567926794
58 : -0.7554887440055609
59 : -1.0584319084882736
60 : 2.295329125598073
61 : -1.9365636333823204
62 : -2.4034712901338935
63 : -1.113609479740262
64 : -1.587390037253499
65 : -1.70992052834481
66 : -4.552525551989675
67 : -1.3669371381402016
68 : -0.6670725736767054
69 : -0.6523564071394503
70 : -0.673890009522438
71 : -5.524645016528666
72 : -3.1838435013778508
73 : -0.757445128634572
74 : -1.2661511795595288
75 : -1.871376752620563
76 : -2.625731681007892
77 : -1.2187442327849567
78 : -0.13979063648730516
79 : -1.5582896545529366
80 : -1.725261335261166
81 : -0.9395889062434435
82 : -0.8922165744006634
83 : -0.9059059508144855
84 : -0.8700283281505108
85 : -0.7334553524851799
86 : -0.907507099211216
87 : -1.0668629207648337
88 : -0.955504993442446
89 : -1.0566517133265734
90 : -0.5374566223472357
91 : -1.654739262536168
92 : -1.4552566800266504
93 : -1.4714251849800348
94 : -0.8288992634043097
95 : 2.5576817905530334
96 : -1.14707600325346
97 : -2.191066674888134
98 : -0.4236669708043337
99 : -2.779822004493326
100 : 4.098370749503374
101 : -1.6835332289338112
102 : -1.461799099110067
103 : 2.016237181611359
104 : -1.715817866846919
105 : -1.0744060310535133
106 : -1.223129822872579
107 : -0.8918366953730583
108 : -0.6424291357398033
109 : -1.8343255668878555
110 : -0.7147298809140921
111 : -5.00707828765735
112 : -1.5828410976100713
113 : -0.7864376893267035
114 : -1.072453455766663
115 : 1.080202135257423
116 : -1.73054707958363
117 : -5.343150584027171
118 : -0.934712263289839
119 : -1.3451186753809452
120 : -1.3604789171367884
121 : -0.659121310338378
122 : -1.0784394475631416
123 : -1.7508700899779797
124 : 1.3434522422030568
125 : -1.9010597914457321
126 : -1.662818692624569
127 : -2.0320695266127586
128 : -1.2495532021857798
129 : 0.3005170840770006
130 : -4.089898025849834
131 : -1.5536341443657875
132 : -1.1636442369781435
133 : 1.3553982730954885
134 : -0.9850220419466496
135 : -1.0513411574065685
136 : -1.3015248300507665
137 : -0.8031710600480437
138 : -0.11208323389291763
139 : -1.339816092280671
140 : -0.5241058387327939
141 : -0.5749669331125915
142 : -1.0896006310358644
143 : 1.3105581030249596
144 : -1.9228235706686974
145 : -1.5504921115934849
146 : -0.805907346541062
147 : -0.35582456970587373
148 : -1.330255740787834
149 : -4.096866521984339
150 : -0.39086613710969687
151 : -1.1957942969165742
152 : -1.5758909089490771
153 : 0.03040377050638199
154 : -4.231416646856815
155 : -2.5930753722786903
156 : -2.1006592251360416
157 : -0.9394237389788032
158 : -1.1755461525171995
159 : -0.9661648855544627
160 : -11.839297625236213
161 : 0.7702283039689064
162 : -1.191970583749935
163 : -2.205873027443886
164 : 2.3555239480920136
165 : -1.3663140526041389
166 : -0.854702603071928
167 : -1.7407666211947799
168 : -0.15879635186865926
169 : -1.3999930322170258
170 : 6.891514478251338
171 : -1.163299152161926
172 : -1.2437665683683008
173 : 0.5949483308941126
174 : -2.020720310509205
175 : -1.7445025257766247
176 : -2.256874170154333
177 : -0.9746719319373369
178 : -3.745765145868063
179 : -1.1793325094040483
180 : -0.5669188247993588
181 : 1.2715520011261106
182 : -1.3466781098395586
183 : -1.154856345616281
184 : -2.3159744441509247
185 : -0.6798481987789273
186 : -1.6607861956581473
187 : -1.1774140847846866
188 : -1.5695930756628513
189 : -0.7865586937405169
190 : -2.176631124690175
191 : -0.11840051086619496
192 : -2.9144906122237444
193 : 1.9082002649083734
194 : -1.7581491763703525
195 : -5.157546458300203
196 : 0.9677260853350163
197 : -1.382398584857583
198 : -2.0236261966638267
199 : -0.5970364077948034
200 : -1.0869775931350887
201 : -0.6140989800915122
202 : -1.5520701558561996
203 : -2.2719968580640852
204 : -1.1657593580894172
205 : -0.5542715298943222
206 : -0.8411985356360674
207 : 0.5776512867305428
208 : 2.785051875282079
209 : -0.9683877322822809
210 : 0.16759226191788912
211 : -0.21863051829859614
212 : -0.15214697737246752
213 : -4.456323022488505
214 : 1.0671359491534531
215 : -0.9895594185218215
216 : -0.45606235042214394
217 : -0.7532798424363136
218 : 5.679589057341218
219 : -1.9564140792936087
220 : -1.2857797800097615
221 : -1.7392118461430073
222 : -0.9726166161708534
223 : -1.5327411759644747
224 : -8.607942375354469
225 : -1.6524080708622932
226 : -1.37501504085958
227 : -2.638527180068195
228 : 0.49514141073450446
229 : -0.9090794906951487
230 : -0.7350011961534619
231 : -1.8231318164616823
232 : -0.7079373262822628
233 : -2.394532699137926
234 : 13.689323478378356
235 : -13.480602871626616
236 : 0.8467440179665573
237 : -1.7310789115726948
238 : -1.116129976697266
239 : -0.6183881317265332
240 : -1.4691780060529709
241 : -0.9759475092869252
242 : -0.5912594282999635
243 : -1.1438996763899922
244 : -2.0313149876892567
245 : -1.3701839757268317
246 : -4.019754757639021
247 : -0.8434333391487598
248 : -1.6024573207832873
249 : -1.8642729939892888
250 : -1.2536615378921852
251 : 0.17750005051493645
252 : -1.2638519103638828
253 : -0.8578394434880465
254 : -1.2035390082746744
255 : -0.8106075031682849
256 : -1.1850452511571348
257 : -1.5772596737369895
258 : -0.694397599902004
259 : 10.141231667250395
260 : -1.1920795794576406
261 : -1.8494574427604675
262 : -1.1881204745732248
263 : -1.0476676733233035
264 : -1.1074936143122613
265 : -1.3472104794345796
266 : -1.5930844657123089
267 : -0.9850088092498481
268 : -1.091277914121747
269 : 2.981528414413333
270 : -1.4066160307265818
271 : -0.5372081771492958
272 : -1.2269724924117327
273 : -0.8255758378654718
274 : 2.0390075081959367
275 : -2.9292156072333455
276 : -0.9931404115632176
277 : -1.2423077896237373
278 : -2.2108284384012222
279 : -0.9490304435603321
280 : -0.707812927197665
281 : -3.817813702393323
282 : -1.1565052941441536
283 : -9.84331398177892
284 : -1.905623897910118
285 : -1.4426591731607914
286 : -0.10970040038228035
287 : -1.3841501642018557
288 : 1.4516031434759498
289 : -1.5038864742964506
290 : -0.5594379720278084
291 : -1.0496696401387453
292 : -0.6860644249245524
293 : -0.9507279712706804
294 : 4.77873320854269
295 : -0.9583807988092303
296 : -1.3708889875561
297 : -1.959130572155118
298 : -1.8425206551328301
299 : -1.282037664204836
300 : -1.4907803162932396
301 : -0.8435665098950267
302 : -1.4393234795425087
303 : -0.9463250995613635
304 : -1.6259101685136557
305 : -1.9307294972240925
306 : -4.843111768364906
307 : -1.6152004823088646
308 : 0.7830391386523843
309 : -2.2457550019025803
310 : -1.1143262004479766
311 : -1.4671633169054985
312 : -8.433910520747304
313 : -1.2959431763738394
314 : -0.48992105200886726
315 : -1.927232176065445
316 : -3.1932116262614727
317 : -2.923111473210156
318 : -0.8852809998206794
319 : -1.0621110368520021
320 : -1.9348974905442446
321 : -1.0757070872932673
322 : -1.4724903106689453
323 : -1.4472320899367332
324 : 2.6427848655730486
325 : -0.8829029274638742
326 : 1.0480531621724367
327 : 4.04682357981801
328 : -1.3896174086257815
329 : -0.9782921262085438
330 : -0.906347468495369
331 : -1.612550549209118
332 : -1.105159808183089
333 : -0.4272585101425648
334 : -1.9711956977844238
335 : -2.7985014291480184
336 : -1.7201127409934998
337 : -3.3110792078077793
338 : -1.8528910811292008
339 : -2.380359505303204
340 : 0.723990723490715
341 : -2.1448198462603614
342 : -1.1158468835055828
343 : -4.666595382150263
344 : -1.43200190551579
345 : -1.0995146706700325
346 : 0.9399105720221996
347 : -1.5983579885214567
348 : -1.7054192535579205
349 : -1.1738169360905886
350 : -1.5079566836357117
351 : -1.4436739305965602
352 : 3.840891701169312
353 : -1.4739303961396217
354 : -2.273011550307274
355 : -0.895709884352982
356 : 3.809830604121089
357 : -0.49560863710939884
358 : -0.39882449246942997
359 : -1.3152028261683881
360 : -1.603805080987513
361 : -2.769382020458579
362 : -1.1532092681154609
363 : -1.5860128672793508
364 : 6.674043706152588
365 : -1.2045063767582178
366 : -4.095637522637844
367 : -0.9670365988276899
368 : -1.4260823084041476
369 : -2.077490918338299
370 : -1.4096714043989778
371 : -0.7196306982077658
372 : -0.7691114880144596
373 : -2.8151925881393254
374 : -4.938710574992001
375 : -1.4222316276282072
376 : -0.9205284700728953
377 : -11.42477474315092
378 : 2.2014269893988967
379 : -1.780901095829904
380 : -1.2825960032641888
381 : -1.591001033782959
382 : -1.3728914875537157
383 : -2.2470537135377526
384 : -2.397844211664051
385 : -1.5152001555543393
386 : -1.8296718839555979
387 : -1.4789449297823012
388 : 0.7691849591210485
389 : 1.0766816129907966
390 : -1.276761509012431
391 : -1.2983337519690394
392 : -1.140110220760107
393 : -1.1474208887666464
394 : -1.6787263741716743
395 : -1.2220607800409198
396 : 1.3579724682494998
397 : -6.466755255125463
398 : -1.0975073400186375
399 : -0.9928054586052895
400 : -2.066976980306208
401 : -1.2914743041619658
402 : -1.5646534897387028
403 : -0.9901902657002211
404 : -1.4162174959201366
405 : -12.376480705104768
406 : -3.2002845499664545
407 : -0.8010225645266473
408 : -2.1401712596416473
409 : -2.3867222061380744
410 : -1.709942857734859
411 : -1.3001765767112374
412 : -0.3024341934360564
413 : 7.1099001644179225
414 : -2.188536075409502
415 : -1.5581639125011861
416 : -2.0642775697633624
417 : -1.4295673053711653
418 : -2.59473018348217
419 : 1.278884836472571
420 : -1.532519094645977
421 : -0.732131589204073
422 : -1.0615012240596116
423 : -1.5328449942171574
424 : -1.4682113616727293
425 : -1.7462777318432927
426 : -0.8394469413906336
427 : -0.9262330122292042
428 : -1.3266036589629948
429 : -1.4310932527296245
430 : -0.602643758058548
431 : -0.991701683960855
432 : -1.4953427389264107
433 : -4.97555228183046
434 : -1.3834190098568797
435 : -0.45484539680182934
436 : -1.2633515698835254
437 : -2.698941500391811
438 : -0.8883418077602983
439 : 0.901541608851403
440 : -2.217295452952385
441 : -3.312208717688918
442 : -0.713566436432302
443 : -2.1895682513713837
444 : -1.4911051988601685
445 : -0.9302283050492406
446 : -1.5851155240088701
447 : -0.5254205479286611
448 : -1.2078273175284266
449 : 6.935581616591662
450 : 1.8617662759497762
451 : 0.8253153604455292
452 : 3.628184460103512
453 : -0.7390907977242023
454 : -1.2066064551472664
455 : -1.666762912645936
456 : 0.4374618958681822
457 : -0.8687010370194912
458 : 0.07766061462461948
459 : -3.1250749826431274
460 : 0.5041855843737721
461 : -10.857904298696667
462 : -0.5053838547319174
463 : -0.8118125279434025
464 : -5.480366670526564
465 : -1.264146684203297
466 : -0.14318981021642685
467 : -1.3657822960522026
468 : -1.2305589350871742
469 : -1.1814535781741142
470 : -1.390512875863351
471 : 2.950964180752635
472 : -5.011108131613582
473 : -2.732665814924985
474 : 6.19455415464472
475 : -2.8402767330408096
476 : -0.9456949308514595
477 : -2.5531762382015586
478 : 5.9754710788838565
479 : 4.021540904883295
480 : -3.28477640892379
481 : -0.4582717763260007
482 : -0.12754686968401074
483 : -1.1595801953226328
484 : -6.449465235695243
485 : -0.8397921198047698
486 : -1.0661082256119698
487 : -1.9980320336762816
488 : -0.8671851437538862
489 : 0.05035839695483446
490 : -2.1132003236562014
491 : -1.1630327124148607
492 : -2.4973716917447746
493 : -8.09064749442041
494 : 1.9475294868461788
495 : -1.8218585476279259
496 : -1.8526211455464363
497 : -2.753437977284193
498 : -0.7240122584626079
499 : 3.26422705501318
500 : -2.8480187775567174
501 : -1.6543944366276264
502 : -0.653007713612169
503 : -1.4987864987924695
504 : -0.9346463440451771
505 : 5.284125971607864
506 : -2.455679348669946
507 : -0.9262362346053123
508 : -2.4836820452474058
509 : -3.0366255221888423
510 : -1.7686360301449895
511 : -1.3460247702896595
512 : -1.1146301878616214
513 : -0.4593448853120208
514 : -1.8315034843981266
515 : -1.345257230103016
516 : -3.0139871295541525
517 : 0.21138357371091843
518 : 1.4111242685467005
519 : 3.862714098766446
520 : -2.1552135795354843
521 : -5.401432256214321
522 : -1.4827156718820333
523 : -4.47316372487694
524 : -0.7726049916818738
525 : -0.16568145528435707
526 : 4.940777815878391
527 : -1.6404285915195942
528 : 0.5459247585386038
529 : -1.1334093355108052
530 : -1.422583588398993
531 : -3.732438768260181
532 : -1.8989832047373056
533 : -1.547154163941741
534 : -1.0910434052348137
535 : -0.8721787855029106
536 : -4.869793270714581
537 : -0.907280801795423
538 : -1.463114904705435
539 : 3.627525846939534
540 : 0.27457676362246275
541 : -1.3305454421788454
542 : -0.5944375502876937
543 : -1.5894831260666251
544 : -1.320147949270904
545 : -3.1049125092104077
546 : -1.4095558058470488
547 : -2.8591519305482507
548 : 6.2026202622801065
549 : -1.1139076799154282
550 : 0.8668596888892353
551 : -0.8405422940850258
552 : 1.0962861799634993
553 : 0.8270499892532825
554 : -1.4357136888429523
555 : -1.2140155383385718
556 : -0.7565023535862565
557 : -1.122914689593017
558 : -1.1283902716822922
559 : 0.6577312413137406
560 : -1.6876166816800833
561 : -1.1371471947059035
562 : -0.7617129860445857
563 : -1.687414739280939
564 : 0.6483750268816948
565 : 2.1143634353065863
566 : 0.13789523858577013
567 : -5.765967452898622
568 : -0.3778926464729011
569 : -1.1378962439484894
570 : 2.8064499078318477
571 : -0.7477368982508779
572 : -4.003379872068763
573 : -1.6842435784637928
574 : -1.0224922546185553
575 : 0.48507788963615894
576 : -1.8451734576374292
577 : -0.9126781863160431
578 : -2.1944332192651927
579 : -0.7698132200166583
580 : -0.3139960430562496
581 : -1.7394005712121725
582 : -3.3281931024976075
583 : -1.5502504706382751
584 : -0.061541345436125994
585 : -1.1950929616577923
586 : -0.787769737187773
587 : -9.644083878956735
588 : -0.3718417715281248
589 : -1.6150615774095058
590 : -1.3763758800923824
591 : -2.0031195487827063
592 : -0.9113244016189128
593 : -0.8000908866524696
594 : -1.24072480853647
595 : 4.21855960926041
596 : -3.353244589176029
597 : -2.0458950474858284
598 : -9.337557146442123
599 : -0.6328417113982141
600 : -1.2421139376237988
601 : 11.672922354424372
602 : -0.4558915849775076
603 : -1.1109456308186054
604 : -0.7773075196892023
605 : -3.381545627489686
606 : 0.7775778028299101
607 : -0.6896184263750911
608 : -1.3705000970512629
609 : -2.108659341931343
610 : -0.6703361682593822
611 : -2.032995890825987
612 : 2.966185027267784
613 : -1.9484280124306679
614 : -0.6996692735701799
615 : -13.431356689427048
616 : -1.8311980664730072
617 : -1.854048422537744
618 : -0.7014462971128523
619 : -0.9981056116521358
620 : -1.2601869804784656
621 : -6.704313058406115
622 : 1.2560174737591296
623 : 2.4115920667536557
624 : -3.0115709165111184
625 : -0.8657162529416382
626 : -2.0061287404969335
627 : 0.9080402664840221
628 : -0.4790150001645088
629 : -1.6332742758095264
630 : -3.0063536656089127
631 : -1.7208266519010067
632 : 2.8978638309054077
633 : -1.6126530836336315
634 : -1.3293733792379498
635 : -0.48637482803314924
636 : -1.1775669530034065
637 : -0.5172964846715331
638 : 3.31449554907158
639 : -2.614162423182279
640 : -0.6290509002283216
641 : -2.542551640421152
642 : -1.4341212785802782
643 : -0.7785113882273436
644 : -0.21022459538653493
645 : -2.1135783568024635
646 : -1.4653870416805148
647 : -2.283595389686525
648 : -0.5555303916335106
649 : -7.223155322484672
650 : -0.7411579880863428
651 : 0.44740041019394994
652 : 0.2535232068039477
653 : -3.8754685246385634
654 : 2.4668934363871813
655 : -4.011694069951773
656 : -0.823061743285507
657 : -1.2563723362982273
658 : -1.4419183754362166
659 : -1.1375799365341663
660 : -1.3241324312984943
661 : -6.113809233531356
662 : -1.2434144401922822
663 : -1.8371019084006548
664 : -1.5409165881574154
665 : 1.7794619835913181
666 : -1.265077693387866
667 : -1.3617271133698523
668 : -2.0588705353438854
669 : -6.907791916280985
670 : -1.590313721448183
671 : -1.205611958168447
672 : -1.529123401734978
673 : 5.018932372331619
674 : -2.027144287712872
675 : -0.06955489376559854
676 : -0.6675850972533226
677 : -3.4225403163582087
678 : -2.1724763661623
679 : -5.494976295507513
680 : 1.7026342228055
681 : -0.6951370108872652
682 : -3.5024257423356175
683 : -1.3370132576674223
684 : -2.0139820659533143
685 : -1.171285062097013
686 : -2.75568895181641
687 : -3.974889532197267
688 : -1.4046157989650965
689 : 1.217167790280655
690 : -1.4896772829815745
691 : -2.169838033616543
692 : -2.0155148315243423
693 : 3.645725461654365
694 : -1.3177267219871283
695 : -1.7071434883400798
696 : -1.5057782493531704
697 : -0.06431262195110321
698 : 0.5001782621257007
699 : -3.3338122610002756
700 : -2.364632971584797
701 : 1.878882760182023
702 : -1.513506169198081
703 : -7.104432217543945
704 : -1.1267789211124182
705 : 2.9355187183246017
706 : -1.9030909473076463
707 : -0.8012233320623636
708 : -4.537894010543823
709 : -0.4753881022334099
710 : 3.4434925937093794
711 : -2.0572622877079993
712 : -1.9481114838272333
713 : -5.5828720992431045
714 : -1.1428516348823905
715 : -1.7805710649117827
716 : -2.773483441211283
717 : -1.0388039550743997
718 : 1.5971388835459948
719 : -0.7793020685203373
720 : -1.2026804210618138
721 : -1.4711597496643662
722 : -0.9791977694258094
723 : -1.227113340049982
724 : -1.8083200361579657
725 : -0.8851864994503558
726 : -1.6690072938799858
727 : -2.154839243274182
728 : -1.2739440994337201
729 : 1.097723486367613
730 : 6.465541170910001
731 : -1.7892378270626068
732 : -1.4146181461401284
733 : 1.5827187621034682
734 : 0.7384328981861472
735 : -0.9231038342695683
736 : -1.206494812387973
737 : -1.0833755731582642
738 : -0.9836219809949398
739 : 1.7971461657434702
740 : -1.4965720996260643
741 : -0.10651551932096481
742 : -1.4801676254719496
743 : -1.5243469858542085
744 : -1.5391054218634963
745 : -8.965905675198883
746 : -1.0945094851776958
747 : -1.5893480563536286
748 : 5.606464102864265
749 : 3.5561848459765315
750 : -0.9421460274606943
751 : -5.735308202914894
752 : 0.7176819024607539
753 : 0.0637930054217577
754 : -0.37560759019106627
755 : -20.710893020033836
756 : -1.0196533277630806
757 : -0.5404520074371248
758 : -0.141751772724092
759 : -2.2446198344696313
760 : -3.8468035832047462
761 : -2.8666284629143775
762 : -2.8081177400890738
763 : 8.39739484898746
764 : -1.0355444345623255
765 : 6.682131408713758
766 : -1.1018766392953694
767 : -1.3201207327656448
768 : -1.6914940439164639
769 : -2.7120737293735147
770 : -1.2836748231202364
771 : -1.1202853489667177
772 : -0.9265610286965966
773 : -1.7420373558998108
774 : -0.3243347795214504
775 : -0.9254920867970213
776 : -1.0613740105181932
777 : -1.2911603562533855
778 : -6.153984943404794
779 : -1.7836491651833057
780 : -3.1057223971001804
781 : 8.881098202429712
782 : -2.607344351708889
783 : -1.5580923780798912
784 : -7.946760557126254
785 : -1.5793217597529292
786 : -1.647225589491427
787 : -1.4362395154312253
788 : 12.152925074100494
789 : -1.5849174931645393
790 : -1.5733388513326645
791 : -2.011364735662937
792 : -0.033890530467033386
793 : -1.6792287342250347
794 : -1.4483810868114233
795 : -1.3597691406030208
796 : -1.5474358517676592
797 : -3.100550032686442
798 : -2.144556341227144
799 : -8.737293021986261
800 : 0.4765024734660983
801 : -2.2496664659120142
802 : 3.1783181577920914
803 : -7.071918649598956
804 : -1.5871584797278047
805 : -0.9600772114936262
806 : -1.7311839638277888
807 : -0.5960272448137403
808 : 0.7194300163537264
809 : 2.866876307874918
810 : 0.00585766788572073
811 : -5.819593742489815
812 : -1.1295033474452794
813 : -1.0424365559592843
814 : -2.793267749249935
815 : -2.684086438268423
816 : -0.7676158426329494
817 : 11.239349618554115
818 : -0.9008784336037934
819 : -1.2950947098433971
820 : -1.1938529233448207
821 : -1.3575487872585654
822 : 3.0676474571228027
823 : -0.5994639229029417
824 : -1.0910433838143945
825 : -2.836018899921328
826 : -1.1313044358976185
827 : -0.524182538036257
828 : -0.8996300511062145
829 : -0.7205269625410438
830 : -2.7175238393247128
831 : 1.4432396027259529
832 : 4.55150092439726
833 : -4.7033307403326035
834 : -1.7001465521752834
835 : -1.046129104681313
836 : -1.0031391307711601
837 : -1.2422511163167655
838 : 0.01522879023104906
839 : -1.8276214934885502
840 : -0.962734648026526
841 : 11.99676787480712
842 : -1.8844798170030117
843 : -1.42339738458395
844 : -1.4630184029228985
845 : -2.839176103938371
846 : -2.4109379276633263
847 : -1.1172421760857105
848 : -0.6837774347513914
849 : -1.6307523823343217
850 : 0.5603118445724249
851 : -1.8119814433157444
852 : -0.7712903856299818
853 : -1.9003389440476894
854 : 4.838973762001842
855 : -1.570338761433959
856 : -0.9785523870959878
857 : 0.2454170431010425
858 : -1.1303649074397981
859 : 1.2310717520304024
860 : -2.7582519128918648
861 : -0.6877947533503175
862 : -3.6572398487478495
863 : -1.3426695591770113
864 : -1.1883440017700195
865 : -1.0757667534053326
866 : -0.16307717841118574
867 : -1.7607969176024199
868 : 14.268485221080482
869 : -6.4504331855569035
870 : -3.1759824617765844
871 : -1.0094411689788103
872 : -13.511727653443813
873 : 4.0200210572220385
874 : -5.786262069828808
875 : -2.0381312519311905
876 : -0.8729060422629118
877 : -3.5918367793783545
878 : -1.2135674222372472
879 : -7.469544688705355
880 : -0.47347065480425954
881 : -1.87030984275043
882 : -1.125199081376195
883 : -1.2221587968524545
884 : -3.4517689594067633
885 : -0.7986551448702812
886 : -1.1860130727291107
887 : -2.934674099087715
888 : -1.467893797904253
889 : -2.032494403421879
890 : -1.3618441740982234
891 : -0.669251904822886
892 : -13.02464955765754
893 : -1.2489151358604431
894 : -2.238295015413314
895 : -1.3225391554879025
896 : -0.37118518678471446
897 : -2.921887520002201
898 : -1.171037913300097
899 : -1.6804143053013831
900 : -3.3927791956812143
901 : -2.812861142680049
902 : 0.9243963682092726
903 : -0.13967481162399054
904 : -2.200440853834152
905 : -1.4779690308496356
906 : -1.3981169536709785
907 : 6.440513837616891
908 : -10.128537222743034
909 : 1.2441746089607477
910 : -1.3346285866573453
911 : -1.3195156478323042
912 : -0.9121062811464071
913 : -1.3328789994120598
914 : -0.9817441301420331
915 : -0.9395912000909448
916 : 4.940222847275436
917 : -1.3797412971034646
918 : -1.513801266439259
919 : 13.826680924743414
920 : 1.8512595677748322
921 : -0.8647821238264441
922 : 0.3873468372039497
923 : 2.8201226885430515
924 : -1.4295401985291392
925 : -12.981413748115301
926 : -8.947238225024194
927 : -0.9131921464577317
928 : -0.6893804930150509
929 : -0.5910606514662504
930 : -1.0007612966001034
931 : -1.963576801121235
932 : -1.533603634685278
933 : 4.643173102289438
934 : -1.1203736583702266
935 : -3.10845555877313
936 : -3.5729603334330022
937 : -1.7122756247699726
938 : -1.6475391844287515
939 : -9.902031604200602
940 : 1.344027504324913
941 : -1.185172252357006
942 : -0.4399605942890048
943 : -5.996282866224647
944 : -0.7678842348977923
945 : -5.985685734543949
946 : -1.4889124240726233
947 : -2.6504894862882793
948 : -1.0910994349978864
949 : -4.3609173719305545
950 : -2.1332117319107056
951 : 0.5317158233374357
952 : -2.6403088924707845
953 : -1.6422352157533169
954 : -0.9397707916796207
955 : 0.4087029779329896
956 : -2.1180709516629577
957 : -2.066446751356125
958 : -1.4613578263670206
959 : -1.408642150927335
960 : -1.4874840565025806
961 : 1.2307452503591776
962 : -0.5671301521360874
963 : -1.4960635043680668
964 : -0.16460360772907734
965 : -1.4447886301204562
966 : -1.3089276971295476
967 : -5.441656201146543
968 : -8.927677185973153
969 : -1.698718830011785
970 : -10.96686778916046
971 : -0.5403874716721475
972 : -3.938950300216675
973 : -1.1850312063470483
974 : -1.3033756138756871
975 : 2.5275152475805953
976 : 3.5725871343165636
977 : -2.4895206298679113
978 : -1.2155363992787898
979 : -1.2040339959785342
980 : -1.7055465457960963
981 : -0.9345034924335778
982 : -2.009692758321762
983 : -1.832621012814343
984 : -1.0628449926152825
985 : 1.5366759430617094
986 : -2.618461787700653
987 : -0.8139690682291985
988 : 10.4073998471722
989 : -0.2854737602174282
990 : -2.3257019771263003
991 : -0.08780108578503132
992 : 0.5421380936168134
993 : -1.2043987587094307
994 : -1.1044703898951411
995 : -3.888660036958754
996 : -1.326763203367591
997 : -3.115926757454872
998 : 2.43843674659729
999 : -1.3420621079858392
Setting up 2 worker threads for Enlighten.
  Thread -> id: 7f3305196700 -> priority: 1 
  Thread -> id: 7f3304995700 -> priority: 1 
2020-06-24 04:06:39 INFO [environment.py:418] Environment shut down with return code 0.
[I 2020-06-24 04:06:39,320] Finished trial#163 with value: -1.3420621079858392 with parameters: {'update_time_steps': 7168, 'ppo_epochs': 12, 'gamma': 0.9641576643206063, 'beta': 0.05567068667438715}. Best is trial#148 with value: -6.7115356754511595.
Found path: /home/j/jensenj/PycharmProjects/Federer-Jr./src/../crawler_single/linux/dynamic_server/crawler_dynamic.x86_64
Mono path[0] = '/home/j/jensenj/PycharmProjects/Federer-Jr./src/../crawler_single/linux/dynamic_server/crawler_dynamic_Data/Managed'
Mono config path = '/home/j/jensenj/PycharmProjects/Federer-Jr./src/../crawler_single/linux/dynamic_server/crawler_dynamic_Data/MonoBleedingEdge/etc'
Preloaded 'lib_burst_generated.so'
Preloaded 'libgrpc_csharp_ext.x64.so'
Initialize engine version: 2019.3.15f1 (59ff3e03856d)
[Subsystems] Discovering subsystems at path /home/j/jensenj/PycharmProjects/Federer-Jr./src/../crawler_single/linux/dynamic_server/crawler_dynamic_Data/UnitySubsystems
Forcing GfxDevice: Null
GfxDevice: creating device client; threaded=0
NullGfxDevice:
    Version:  NULL 1.0 [1.0]
    Renderer: Null Device
    Vendor:   Unity Technologies
Begin MonoManager ReloadAssembly
- Completed reload, in  0.107 seconds
WARNING: Shader Unsupported: 'Autodesk Interactive' - All passes removed
WARNING: Shader Did you use #pragma only_renderers and omit this platform?
UnloadTime: 0.434371 ms
Fallback handler could not load library /home/j/jensenj/PycharmProjects/Federer-Jr./src/../crawler_single/linux/dynamic_server/crawler_dynamic_Data/Mono/libcoreclr.so
Fallback handler could not load library /home/j/jensenj/PycharmProjects/Federer-Jr./src/../crawler_single/linux/dynamic_server/crawler_dynamic_Data/Mono/libcoreclr.so
Fallback handler could not load library /home/j/jensenj/PycharmProjects/Federer-Jr./src/../crawler_single/linux/dynamic_server/crawler_dynamic_Data/Mono/libcoreclr.so
Fallback handler could not load library /home/j/jensenj/PycharmProjects/Federer-Jr./src/../crawler_single/linux/dynamic_server/crawler_dynamic_Data/Mono/libSystem.dylib
Fallback handler could not load library /home/j/jensenj/PycharmProjects/Federer-Jr./src/../crawler_single/linux/dynamic_server/crawler_dynamic_Data/Mono/libSystem.dylib.so
Fallback handler could not load library /home/j/jensenj/PycharmProjects/Federer-Jr./src/../crawler_single/linux/dynamic_server/crawler_dynamic_Data/Mono/libSystem.dylib
Fallback handler could not load library /home/j/jensenj/PycharmProjects/Federer-Jr./src/../crawler_single/linux/dynamic_server/crawler_dynamic_Data/Mono/libcoreclr.so
Fallback handler could not load library /home/j/jensenj/PycharmProjects/Federer-Jr./src/../crawler_single/linux/dynamic_server/crawler_dynamic_Data/Mono/libcoreclr.so
Fallback handler could not load library /home/j/jensenj/PycharmProjects/Federer-Jr./src/../crawler_single/linux/dynamic_server/crawler_dynamic_Data/Mono/libcoreclr.so
Fallback handler could not load library /home/j/jensenj/PycharmProjects/Federer-Jr./src/../crawler_single/linux/dynamic_server/crawler_dynamic_Data/Mono/libSystem.dylib
Fallback handler could not load library /home/j/jensenj/PycharmProjects/Federer-Jr./src/../crawler_single/linux/dynamic_server/crawler_dynamic_Data/Mono/libSystem.dylib.so
Fallback handler could not load library /home/j/jensenj/PycharmProjects/Federer-Jr./src/../crawler_single/linux/dynamic_server/crawler_dynamic_Data/Mono/libSystem.dylib
2020-06-24 04:06:40 INFO [environment.py:108] Connected to Unity environment with package version 1.0.2 and communication version 1.0.0
2020-06-24 04:06:40 INFO [environment.py:265] Connected new brain:
CrawlerDynamic?team=0
2020-06-24 04:06:40 WARNING [__init__.py:92] The environment contains multiple observations. You must define allow_multiple_obs=True to receive them all. Otherwise, only the first visual observation (or vector observation ifthere are no visual observations) will be provided in the observation.
{'nr_output_features': 20, 'nr_input_features': 126, 'env': <gym_unity.envs.UnityToGymWrapper object at 0x7f600d430f98>, 'alpha': 0.003, 'tau': 0.95, 'clip': 0.2, 'minibatch_size': 32, 'hidden_units': 512, 'update_time_steps': 9216, 'ppo_epochs': 15, 'gamma': 0.9736980129608606, 'beta': 0.03997983640941019}
0 : 0.7334367267321795
1 : -1.5204867636784911
2 : -0.8369920132681727
3 : -1.0841538850218058
4 : -0.7567444210872054
5 : -1.157763964496553
6 : 0.038596367463469505
7 : -1.613875457085669
8 : -1.389959257794544
9 : -1.1181232475209981
10 : -3.359337777364999
11 : -1.9484754707664251
12 : -2.6925578105729073
13 : -1.2840583259239793
14 : -1.189432356506586
15 : -3.2591452756896615
16 : 0.21006750408560038
17 : -1.606887299567461
18 : -1.4825772009789944
19 : -1.0229528467170894
20 : -1.5903187980875373
21 : -0.8460523622343317
22 : -1.0546377943828702
23 : -0.8886647699400783
24 : -5.8558632005006075
25 : 2.7908132076263428
26 : -1.0300934398546815
27 : -0.8273855173029006
28 : -1.223375310190022
29 : -1.2233100794255733
30 : -4.536567881703377
31 : -2.0498115345835686
32 : -1.2064245954388753
33 : -0.5069559458643198
34 : -0.28635013848543167
35 : -0.8171179732307792
36 : -1.3612490079831332
37 : -1.663989596068859
38 : -0.527021930553019
39 : -1.0952987906057388
40 : -0.8689561653882265
41 : -0.8111365372315049
42 : 0.23921617632731795
43 : -1.6540921401465312
44 : 2.406101008877158
45 : -1.125492978375405
46 : -0.8183581884950399
47 : -1.020092075690627
48 : -0.47897949372418225
49 : -1.489604502916336
50 : -1.8204039074480534
51 : -1.3014639373868704
52 : -0.7791334250941873
53 : -0.9334311075508595
54 : -1.8526415675878525
55 : -0.8795089842751622
56 : -1.1258319728076458
57 : 2.485834764316678
58 : -1.75610576197505
59 : -1.2313224617391825
60 : -3.665718264412135
61 : -1.8723833337426186
62 : -0.20328909996896982
63 : -1.2636487744748592
64 : -1.3415445340797305
65 : -2.5313683599233627
66 : -0.8756085317581892
67 : -0.8872695127502084
68 : 0.5689785848371685
69 : -0.7110322387889028
70 : -1.485765853896737
71 : -2.3310436606407166
72 : -1.2479125298559666
73 : -2.0522557329386473
74 : -0.1554722662549466
75 : -1.158239916432649
76 : -1.3835971411317587
77 : -0.06499175261706114
78 : -0.9144501779228449
79 : -0.9839468845166266
80 : -1.6517797894775867
81 : -0.7800994110293686
82 : -1.6765570305287838
83 : -0.9356249636039138
84 : 1.3250316428020597
85 : -2.440323849208653
86 : -1.0581491136690602
87 : -1.3066457617096603
88 : -1.207466721534729
89 : -2.8394484976306558
90 : -1.4253495866432786
91 : -1.5628028251230717
92 : -0.982858463190496
93 : -1.5403706934303045
94 : -0.7049486422911286
95 : -0.9410232827067375
96 : 0.5255367318168283
97 : -3.0148558989167213
98 : -2.002620629966259
99 : -1.064080006442964
100 : -1.4449534406885505
101 : 1.2728823199868202
102 : -1.7018580734729767
103 : -1.5059126298874617
104 : 6.319983698427677
105 : -2.3654905520379543
106 : -2.85921528324252
107 : -1.4310522740706801
108 : -0.5021526645869017
109 : -1.5251991860568523
110 : -1.0478663323447108
111 : -1.2817060654051602
112 : -1.697420597076416
113 : -1.6255894601345062
114 : -0.81146099884063
115 : -0.96994948387146
116 : -2.8990176008082926
117 : -1.9563890541903675
118 : -1.249410405755043
119 : -0.39882328175008297
120 : -5.875099387019873
121 : -1.7080303682014346
122 : -0.7689670184627175
123 : -2.6745610535144806
124 : -1.295887649524957
125 : -1.8842363115400076
126 : -2.1586664021015167
127 : -1.4875167906284332
128 : -1.4476276077330112
129 : -1.8832574523985386
130 : -2.7082918770611286
131 : -1.3953146394342184
132 : -0.7474546721205115
133 : -2.3374757021665573
134 : -1.2804132660385221
135 : -1.6072693094611168
136 : -1.4531912398524582
137 : -0.9328771121799946
138 : -0.8697950020432472
139 : -0.5336184776388109
140 : -1.7535941153764725
141 : -1.6019876571372151
142 : -1.4756166394799948
143 : -3.4382789954543114
144 : -1.373433068394661
145 : -0.8692424483597279
146 : -1.5559631176292896
147 : -0.9313258957117796
148 : -1.621007764711976
149 : -1.413082780316472
150 : 3.648571868892759
151 : -3.4458649973385036
152 : -1.6245180740952492
153 : 0.7968393350020051
154 : -5.888224756345153
155 : -1.3677469440735877
156 : -1.7255856934934855
157 : -2.2638395223766565
158 : -2.0188783407211304
159 : -0.8971539922058582
160 : 0.4941453671781346
161 : -0.8396472656168044
162 : -1.1939033707603812
163 : -1.1418308115098625
164 : -0.6227435553446412
165 : 3.0609067648183554
166 : -0.9586419453844428
167 : -1.5644752774387598
168 : 0.28905120212584734
169 : -1.109868393279612
170 : -0.6417881650850177
171 : -1.845923114567995
172 : 0.5564665761776268
173 : -1.5547831524163485
174 : -2.24738241545856
175 : -1.1946429181843996
176 : -7.310413829982281
177 : -1.3227695091627538
178 : -1.5618298277258873
179 : -1.1939142011106014
180 : -0.5099350325763226
181 : 2.3102840948849916
182 : 1.3590033622458577
183 : 4.066362660378218
184 : -1.970972914248705
185 : -1.3292666459456086
186 : -1.6218071542680264
187 : -1.6137489173561335
188 : -0.9201017851009965
189 : -1.173096302896738
190 : -1.6741738496348262
191 : -1.0864013677928597
192 : -0.9511810736730695
193 : 0.3743518255650997
194 : 2.870615877676755
195 : -0.45214586798101664
196 : -1.6325327530503273
197 : -1.9019082952290773
198 : -0.6008082430344075
199 : -1.3962689931504428
200 : -0.8311770395375788
201 : -1.8625432699918747
202 : -1.1066959649324417
203 : 2.1967893205583096
204 : -2.2048962600529194
205 : 0.3250368880107999
206 : -2.100960448384285
207 : -1.337682159151882
208 : -1.1506696213036776
209 : -0.9381189499981701
210 : -3.483551798388362
211 : 0.4976453660055995
212 : -1.5325911776162684
213 : -0.7439724346622825
214 : -1.5181497782468796
215 : -0.7364432197064161
216 : -1.5728924255818129
217 : -1.0270608984865248
218 : -0.553630375303328
219 : -0.5822650901973248
220 : 2.969995131716132
221 : -1.1565274726599455
222 : 3.417287757154554
223 : 0.561640715226531
224 : -1.4826820734888315
225 : -0.9508923441171646
226 : -0.9269494859036058
227 : -1.7384383117314428
228 : -1.547762744128704
229 : -6.172154592815787
230 : -2.748526721727103
231 : -0.9945319090038538
232 : -1.642702060751617
233 : -2.7889333330094814
234 : -0.7644242765381932
235 : -0.9870338710024953
236 : -0.8284572339616716
237 : -1.3567858305759728
238 : -2.0753459753468633
239 : -0.7487267083488405
240 : -1.1860220711678267
241 : 3.618631426128559
242 : -2.032311324495822
243 : -2.1957056559622288
244 : -1.9941309988498688
245 : -0.6815256094560027
246 : 1.3839717349037528
247 : -1.609985401853919
248 : -1.0179826193489134
249 : -1.7186632007360458
250 : -0.9914625771343708
251 : -1.098002549726516
252 : -0.811819676309824
253 : -2.115140810608864
254 : 0.3317611310631037
255 : -2.318685347214341
256 : -0.6009366661310196
257 : -1.1629539574496448
258 : 0.32409678725525737
259 : -1.2959876526147127
260 : -1.2548078820109367
261 : -2.375418125651777
262 : -1.7200005780905485
263 : -2.9873597896657884
264 : -0.24620231986045837
265 : -0.171263434458524
266 : -0.9118248014710844
267 : -1.1476627066731453
268 : -1.5052889389917254
269 : -1.2331865448504686
270 : -1.3107573315501213
271 : -0.37501722760498524
272 : -2.0026363879442215
273 : -0.44574196240864694
274 : -2.693261981010437
275 : -1.4362885188311338
276 : -2.360023897141218
277 : -0.9595900038257241
278 : -0.8954317327588797
279 : -6.513918404467404
280 : -1.5032725520431995
281 : -1.2182754469104111
282 : -0.7701813876628876
283 : -0.8557788841426373
284 : 0.29556381702423096
285 : -1.6132894456386566
286 : -1.919418465346098
287 : -1.2111892037792131
288 : -1.12603394780308
289 : -1.2909948696615174
290 : -1.0575591903179884
291 : -1.2686484474688768
292 : -1.3837791606783867
293 : -1.879201166331768
294 : -1.2540939692407846
295 : -2.0854310672730207
296 : -0.26327959541231394
297 : -0.6585000930353999
298 : -1.5777180083096027
299 : -1.049705695360899
300 : 0.057465605437755585
301 : -0.16786543000489473
302 : -0.5890834787860513
303 : -0.8387564374133945
304 : -1.2166222415398806
305 : -4.771150074899197
306 : -1.1637603901326656
307 : -0.5827388679608703
308 : -1.8937963731586933
309 : -1.6212948132306337
310 : -1.3330799739342183
311 : -1.3823063541203737
312 : -1.64942067861557
313 : -0.45765555277466774
314 : -3.579143414273858
315 : -0.7114048954099417
316 : -1.7261657491326332
317 : -0.27381340879946947
318 : -1.7149392399005592
319 : -1.659143231343478
320 : -2.3655114471912384
321 : -0.8286570906639099
322 : -2.7956559509038925
323 : -0.7409113384783268
324 : 0.24651907943189144
325 : -4.0080917864106596
326 : -1.4608056731522083
327 : -1.0918903108686209
328 : -1.3521584644913673
329 : -0.8326241173781455
330 : -1.4976922571659088
331 : -1.3483488662168384
332 : -0.5311579564586282
333 : -1.4923620941117406
334 : -0.9523424746003002
335 : -1.4414459369145334
336 : -1.6575865857303143
337 : -1.1239863787777722
338 : -1.4232297660782933
339 : -1.416217502206564
340 : 0.6107393419370055
341 : -1.7376003665849566
342 : -3.4970497116446495
343 : -2.764575833454728
344 : 2.0774661749601364
345 : -2.210618320852518
346 : 2.052168923430145
347 : -0.7544781863689423
348 : -0.5624354854226112
349 : 3.301824452355504
350 : -1.9052428007125854
351 : -1.4159445893019438
352 : -7.865171790122986
353 : -0.0726756602525711
354 : -1.0246820515021682
355 : -1.0822428559768014
356 : -1.0674146213568747
357 : -1.6893169078975916
358 : -1.3319690935313702
359 : -0.7506461720913649
360 : 0.4554777015000582
361 : -1.4984047841280699
362 : -0.939577354118228
363 : -1.8364745872095227
364 : -1.4685285678133368
365 : -2.403466680785641
366 : -1.3780979015864432
367 : -1.1149066528305411
368 : -1.6124034952372313
369 : -1.4269663002341986
370 : -4.3970944485627115
371 : -0.9961256890092045
372 : -1.3609284213744104
373 : -1.4742129100486636
374 : -0.9393827195744962
375 : -1.3674093978479505
376 : -0.8334642322733998
377 : -1.0101398397237062
378 : 2.0449386150576174
379 : -1.6604497786611319
380 : -0.8530960381031036
381 : -0.9712286591529846
382 : -1.2229630248621106
383 : -2.8476120717823505
384 : -1.5468989554792643
385 : -0.8565126489847898
386 : -0.6693906877189875
387 : -1.4134680610150099
388 : -1.3155758157372475
389 : -1.3377069663256407
390 : -1.591369442641735
391 : -1.782220359891653
392 : 0.3560736416839063
393 : -2.1072531156241894
394 : -1.7169762970879674
395 : -1.5014994577504694
396 : -6.121318967081606
397 : -0.6304098754189909
398 : -1.4124309858307242
399 : -0.7217848850414157
400 : -0.9015109203755856
401 : -0.5201423680409789
402 : 1.3524604220874608
403 : 4.2072910172864795
404 : 5.451552136801183
405 : -1.090489680878818
406 : -0.8392407116480172
407 : -1.2478599455207586
408 : -1.3270011213608086
409 : -1.052057602442801
410 : -1.1927418550476432
411 : -1.7619289988651872
412 : -1.418610536493361
413 : -2.0474237836897373
414 : -4.295057171257213
415 : -0.039331551641225815
416 : -0.9168751295655966
417 : -2.8348994608968496
418 : -3.8469079819624312
419 : -0.9796141143888235
420 : 0.2168523073196411
421 : -1.3233117507770658
422 : -0.65886515006423
423 : 0.8452462973073125
424 : -1.012152655981481
425 : -1.2291743094101548
426 : 1.214198786765337
427 : -0.7442570067942142
428 : -1.4877652153372765
429 : -2.9068793281912804
430 : -2.5220515727996826
431 : -0.8962418306618929
432 : -0.6957197515293956
433 : 1.2747291754931211
434 : -0.6730461418628693
435 : -0.013555730693042278
436 : -0.8443952174857259
437 : -1.4176461100578308
438 : -1.5630747452378273
439 : -1.3300002859905362
440 : -1.5772030018270016
441 : -1.3606825759634376
442 : -1.332284398842603
443 : 2.97200600290671
444 : -1.3109670616686344
445 : -0.9347896808758378
[W 2020-06-24 04:13:53,554] Setting status of trial#178 as TrialState.FAIL because of the following error: ValueError('array split does not result in an equal division',)
Traceback (most recent call last):
  File "/home/j/jensenj/.local/lib/python3.6/site-packages/numpy/lib/shape_base.py", line 867, in split
    len(indices_or_sections)
TypeError: object of type 'int' has no len()

During handling of the above exception, another exception occurred:

Traceback (most recent call last):
  File "/home/j/jensenj/.local/lib/python3.6/site-packages/optuna/study.py", line 734, in _run_trial
    result = func(trial)
  File "main-optuna.py", line 88, in objective
    returns = [episode(env, agent, params, writer, i) for i in range(training_episodes)]
  File "main-optuna.py", line 88, in <listcomp>
    returns = [episode(env, agent, params, writer, i) for i in range(training_episodes)]
  File "main-optuna.py", line 40, in episode
    agent.update(next_state)
  File "/home/j/jensenj/PycharmProjects/Federer-Jr./src/ppo.py", line 140, in update
    for states, actions, old_log_probs, returns, advantages in self.memory.sample_batch(self.minibatch_size, next_value):
  File "/home/j/jensenj/PycharmProjects/Federer-Jr./src/ppo.py", line 44, in sample_batch
    ids = np.split(ids, batch_size // minibatch_size)
  File "<__array_function__ internals>", line 6, in split
  File "/home/j/jensenj/.local/lib/python3.6/site-packages/numpy/lib/shape_base.py", line 873, in split
    'array split does not result in an equal division')
ValueError: array split does not result in an equal division
Traceback (most recent call last):
  File "/home/j/jensenj/.local/lib/python3.6/site-packages/numpy/lib/shape_base.py", line 867, in split
    len(indices_or_sections)
TypeError: object of type 'int' has no len()

During handling of the above exception, another exception occurred:

Traceback (most recent call last):
  File "main-optuna.py", line 103, in <module>
    study.optimize(objective, n_trials=1000)
  File "/home/j/jensenj/.local/lib/python3.6/site-packages/optuna/study.py", line 339, in optimize
    func, n_trials, timeout, catch, callbacks, gc_after_trial, None
  File "/home/j/jensenj/.local/lib/python3.6/site-packages/optuna/study.py", line 682, in _optimize_sequential
    self._run_trial_and_callbacks(func, catch, callbacks, gc_after_trial)
  File "/home/j/jensenj/.local/lib/python3.6/site-packages/optuna/study.py", line 713, in _run_trial_and_callbacks
    trial = self._run_trial(func, catch, gc_after_trial)
  File "/home/j/jensenj/.local/lib/python3.6/site-packages/optuna/study.py", line 734, in _run_trial
    result = func(trial)
  File "main-optuna.py", line 88, in objective
    returns = [episode(env, agent, params, writer, i) for i in range(training_episodes)]
  File "main-optuna.py", line 88, in <listcomp>
    returns = [episode(env, agent, params, writer, i) for i in range(training_episodes)]
  File "main-optuna.py", line 40, in episode
    agent.update(next_state)
  File "/home/j/jensenj/PycharmProjects/Federer-Jr./src/ppo.py", line 140, in update
    for states, actions, old_log_probs, returns, advantages in self.memory.sample_batch(self.minibatch_size, next_value):
  File "/home/j/jensenj/PycharmProjects/Federer-Jr./src/ppo.py", line 44, in sample_batch
    ids = np.split(ids, batch_size // minibatch_size)
  File "<__array_function__ internals>", line 6, in split
  File "/home/j/jensenj/.local/lib/python3.6/site-packages/numpy/lib/shape_base.py", line 873, in split
    'array split does not result in an equal division')
ValueError: array split does not result in an equal division
Setting up 2 worker threads for Enlighten.
  Thread -> id: 7f76b37fe700 -> priority: 1 
  Thread -> id: 7f76b2ffd700 -> priority: 1 
2020-06-24 04:13:53 INFO [environment.py:418] Environment shut down with return code 0.
