slurmstepd-anlauter: error: Unable to create TMPDIR [/tmp/user/30108]: Permission denied
slurmstepd-anlauter: error: Setting TMPDIR to /tmp
Found path: /home/j/jensenj/PycharmProjects/Federer-Jr./src/../crawler_single/linux/dynamic_server/crawler_dynamic.x86_64
Mono path[0] = '/home/j/jensenj/PycharmProjects/Federer-Jr./src/../crawler_single/linux/dynamic_server/crawler_dynamic_Data/Managed'
Mono config path = '/home/j/jensenj/PycharmProjects/Federer-Jr./src/../crawler_single/linux/dynamic_server/crawler_dynamic_Data/MonoBleedingEdge/etc'
Preloaded 'lib_burst_generated.so'
Preloaded 'libgrpc_csharp_ext.x64.so'
Initialize engine version: 2019.3.15f1 (59ff3e03856d)
[Subsystems] Discovering subsystems at path /home/j/jensenj/PycharmProjects/Federer-Jr./src/../crawler_single/linux/dynamic_server/crawler_dynamic_Data/UnitySubsystems
Forcing GfxDevice: Null
GfxDevice: creating device client; threaded=0
NullGfxDevice:
    Version:  NULL 1.0 [1.0]
    Renderer: Null Device
    Vendor:   Unity Technologies
Begin MonoManager ReloadAssembly
- Completed reload, in  0.098 seconds
WARNING: Shader Unsupported: 'Autodesk Interactive' - All passes removed
WARNING: Shader Did you use #pragma only_renderers and omit this platform?
UnloadTime: 0.443241 ms
Fallback handler could not load library /home/j/jensenj/PycharmProjects/Federer-Jr./src/../crawler_single/linux/dynamic_server/crawler_dynamic_Data/Mono/libcoreclr.so
Fallback handler could not load library /home/j/jensenj/PycharmProjects/Federer-Jr./src/../crawler_single/linux/dynamic_server/crawler_dynamic_Data/Mono/libcoreclr.so
Fallback handler could not load library /home/j/jensenj/PycharmProjects/Federer-Jr./src/../crawler_single/linux/dynamic_server/crawler_dynamic_Data/Mono/libcoreclr.so
Fallback handler could not load library /home/j/jensenj/PycharmProjects/Federer-Jr./src/../crawler_single/linux/dynamic_server/crawler_dynamic_Data/Mono/libSystem.dylib
Fallback handler could not load library /home/j/jensenj/PycharmProjects/Federer-Jr./src/../crawler_single/linux/dynamic_server/crawler_dynamic_Data/Mono/libSystem.dylib.so
Fallback handler could not load library /home/j/jensenj/PycharmProjects/Federer-Jr./src/../crawler_single/linux/dynamic_server/crawler_dynamic_Data/Mono/libSystem.dylib
Fallback handler could not load library /home/j/jensenj/PycharmProjects/Federer-Jr./src/../crawler_single/linux/dynamic_server/crawler_dynamic_Data/Mono/libcoreclr.so
Fallback handler could not load library /home/j/jensenj/PycharmProjects/Federer-Jr./src/../crawler_single/linux/dynamic_server/crawler_dynamic_Data/Mono/libcoreclr.so
Fallback handler could not load library /home/j/jensenj/PycharmProjects/Federer-Jr./src/../crawler_single/linux/dynamic_server/crawler_dynamic_Data/Mono/libcoreclr.so
Fallback handler could not load library /home/j/jensenj/PycharmProjects/Federer-Jr./src/../crawler_single/linux/dynamic_server/crawler_dynamic_Data/Mono/libSystem.dylib
Fallback handler could not load library /home/j/jensenj/PycharmProjects/Federer-Jr./src/../crawler_single/linux/dynamic_server/crawler_dynamic_Data/Mono/libSystem.dylib.so
Fallback handler could not load library /home/j/jensenj/PycharmProjects/Federer-Jr./src/../crawler_single/linux/dynamic_server/crawler_dynamic_Data/Mono/libSystem.dylib
/home/j/jensenj/.local/lib/python3.6/site-packages/tensorboard/compat/tensorflow_stub/dtypes.py:541: FutureWarning: Passing (type, 1) or '1type' as a synonym of type is deprecated; in a future version of numpy, it will be understood as (type, (1,)) / '(1,)type'.
  _np_qint8 = np.dtype([("qint8", np.int8, 1)])
/home/j/jensenj/.local/lib/python3.6/site-packages/tensorboard/compat/tensorflow_stub/dtypes.py:542: FutureWarning: Passing (type, 1) or '1type' as a synonym of type is deprecated; in a future version of numpy, it will be understood as (type, (1,)) / '(1,)type'.
  _np_quint8 = np.dtype([("quint8", np.uint8, 1)])
/home/j/jensenj/.local/lib/python3.6/site-packages/tensorboard/compat/tensorflow_stub/dtypes.py:543: FutureWarning: Passing (type, 1) or '1type' as a synonym of type is deprecated; in a future version of numpy, it will be understood as (type, (1,)) / '(1,)type'.
  _np_qint16 = np.dtype([("qint16", np.int16, 1)])
/home/j/jensenj/.local/lib/python3.6/site-packages/tensorboard/compat/tensorflow_stub/dtypes.py:544: FutureWarning: Passing (type, 1) or '1type' as a synonym of type is deprecated; in a future version of numpy, it will be understood as (type, (1,)) / '(1,)type'.
  _np_quint16 = np.dtype([("quint16", np.uint16, 1)])
/home/j/jensenj/.local/lib/python3.6/site-packages/tensorboard/compat/tensorflow_stub/dtypes.py:545: FutureWarning: Passing (type, 1) or '1type' as a synonym of type is deprecated; in a future version of numpy, it will be understood as (type, (1,)) / '(1,)type'.
  _np_qint32 = np.dtype([("qint32", np.int32, 1)])
/home/j/jensenj/.local/lib/python3.6/site-packages/tensorboard/compat/tensorflow_stub/dtypes.py:550: FutureWarning: Passing (type, 1) or '1type' as a synonym of type is deprecated; in a future version of numpy, it will be understood as (type, (1,)) / '(1,)type'.
  np_resource = np.dtype([("resource", np.ubyte, 1)])
2020-06-24 03:42:01 INFO [environment.py:108] Connected to Unity environment with package version 1.0.2 and communication version 1.0.0
2020-06-24 03:42:01 INFO [environment.py:265] Connected new brain:
CrawlerDynamic?team=0
2020-06-24 03:42:01 WARNING [__init__.py:92] The environment contains multiple observations. You must define allow_multiple_obs=True to receive them all. Otherwise, only the first visual observation (or vector observation ifthere are no visual observations) will be provided in the observation.
/home/j/jensenj/.local/lib/python3.6/site-packages/gym/logger.py:30: UserWarning: WARN: Box bound precision lowered by casting to float32
  warnings.warn(colorize('%s: %s'%('WARN', msg % args), 'yellow'))
{'nr_output_features': 20, 'nr_input_features': 126, 'env': <gym_unity.envs.UnityToGymWrapper object at 0x7f894e726e48>, 'alpha': 0.003, 'tau': 0.95, 'clip': 0.2, 'minibatch_size': 32, 'hidden_units': 512, 'update_time_steps': 7168, 'ppo_epochs': 11, 'gamma': 0.9659161414018472, 'beta': 0.060160031343158116}
0 : -1.413502051960677
1 : -0.6010693148709834
2 : -1.2407480352558196
3 : -3.4012325387448072
4 : -3.4227671581320465
5 : -2.72103869356215
6 : -0.9342868076637387
7 : -2.8227805346250534
8 : -1.3185158944688737
9 : -0.0769706480205059
10 : -1.0674810730852187
11 : -1.3786741718649864
12 : -1.127793025225401
13 : -1.2248538043349981
14 : -1.7048662826418877
15 : 2.8538320468505844
16 : -2.0429629161953926
17 : -0.769571210257709
18 : -2.4645708315074444
19 : -0.6089347512461245
20 : -1.6078204438090324
21 : -0.33810722664929926
22 : 0.11622664565220475
23 : -1.4322635824792087
24 : -1.9915046286769211
25 : -1.5459234844893217
26 : -0.22098921239376068
27 : -1.4536025626584888
28 : -0.6662632199004292
29 : -3.347983991727233
30 : -3.04495629388839
31 : -9.157052800059319
32 : -1.0664139727596194
33 : -0.9625288629904389
34 : -0.31837918679229915
35 : -1.8684338135644794
36 : -1.3234587386250496
37 : -1.3265717304311693
38 : -1.7519660256803036
39 : -1.1762762246653438
40 : 0.549038271419704
41 : -0.9827686473727226
42 : -0.4002260025590658
43 : 0.928981076925993
44 : 10.350111621432006
45 : -0.8402293580584228
46 : -0.4793554004281759
47 : -0.3374027032405138
48 : -2.201826512813568
49 : -1.2230109255760908
50 : 0.9151623342186213
51 : -0.9175043553113937
52 : 0.03646843694150448
53 : -1.6158639178611338
54 : -1.4276421144604683
55 : -1.0972341392189264
56 : -1.5759248596150428
57 : 6.658300559502095
58 : -3.6776872070040554
59 : -0.8770910841412842
60 : -1.1627209081780165
61 : -3.3880932847969234
62 : -1.9187000207602978
63 : -1.5760617381893098
64 : -1.3883295594714582
65 : -1.0430061155930161
66 : -3.963969072327018
67 : -1.6883452162146568
68 : -1.4127536313608289
69 : -1.949457386508584
70 : -0.9744176231324673
71 : -1.8032026956789196
72 : -3.912394793238491
73 : -1.421576615422964
74 : -1.6977638490498066
75 : -4.164671610342339
76 : -0.9693715488538146
77 : -0.26506008952856064
78 : 0.43785943649709225
79 : -0.47885468741878867
80 : -1.264357070904225
81 : -2.235591763164848
82 : -0.4336809739470482
83 : -3.8486158698797226
84 : -1.9983763615600765
85 : -1.0982868522405624
86 : -1.6103671789169312
87 : 2.106272079050541
88 : -0.5056034256704152
89 : -0.9526183782145381
90 : -2.254557717125863
91 : -1.722887810319662
92 : -0.8621758450753987
93 : -1.4347389908507466
94 : -1.4348913058638573
95 : -0.223100908100605
96 : -13.76850731112063
97 : -4.588749745860696
98 : -1.0460251895710826
99 : -1.7275321260094643
100 : -1.3419908848591149
101 : -0.8224440515041351
102 : -1.6288342783227563
103 : -1.3324413374066353
104 : -2.9991049002856016
105 : -2.8652675137855113
106 : -1.7193684540688992
107 : -2.921288918238133
108 : -2.338046017102897
109 : -0.8409673627465963
110 : -0.802396266721189
111 : -1.2145452827680856
112 : -1.0857019163668156
113 : -1.7297637984156609
114 : 2.0386703591793776
115 : -1.868785299360752
116 : -1.4179565906524658
117 : -1.900237400084734
118 : -1.784455170854926
119 : -2.635727225802839
120 : -2.4779401924461126
121 : -0.8630418889224529
122 : -4.118333068676293
123 : -3.0518921725451946
124 : -0.8272204487584531
125 : -1.102267263457179
126 : -1.298601821064949
127 : -1.9004611195996404
128 : -0.19709431752562523
129 : -1.5734967235475779
130 : -1.5765098221600056
131 : -5.443435700377449
132 : -2.258492164313793
133 : -0.5722246533259749
134 : 1.2335901581682265
135 : -0.9474618351086974
136 : 0.7667652679374442
137 : -0.17838950781151652
138 : -0.7171847694553435
139 : -0.8037324113684008
140 : -2.166513883974403
141 : -0.9923828756436706
142 : -0.5923913447186351
143 : 2.58397287549451
144 : -2.377514966763556
145 : 2.247958275023848
146 : -6.676060629775748
147 : 0.7221397855319083
148 : -5.639400534273591
149 : -1.5088823586702347
150 : -2.532101633027196
151 : -1.1893537021242082
152 : -2.0416201148182154
153 : -3.681856849230826
154 : -1.3053994518704712
155 : -0.9853855869732797
156 : -2.341739736497402
157 : -0.8083283891901374
158 : -0.9434436871670187
159 : 0.7422819575294852
160 : -0.9091461189091206
161 : 0.2561356914229691
162 : -1.7606943263672292
163 : -1.5399414866697043
164 : 0.6697954926639795
165 : -1.229489365592599
166 : -2.0819666907191277
167 : 0.9024334889836609
168 : -1.3984938971698284
169 : -0.014482002705335617
170 : -0.9719939227215946
171 : 2.552666108123958
172 : -4.183239734265953
173 : -0.4667061399668455
174 : -0.5257644951343536
175 : -2.2019505240023136
176 : -1.5432000271975994
177 : -2.0802160501480103
178 : -5.488112272229046
179 : 2.269204496522434
180 : -1.2311506271362305
181 : -0.9644293300807476
182 : -1.1094295913353562
183 : -1.8600586685352027
184 : -1.273379024118185
185 : -5.751852875575423
186 : -1.5720474305562675
187 : -0.9728900343179703
188 : -1.3701395988464355
189 : -1.9452161639928818
190 : -1.42190798278898
191 : -1.0214203735813498
192 : -1.7704987488687038
193 : -1.6402094475924969
194 : -0.7795829805545509
195 : -1.4390718005597591
196 : -1.0343186729587615
197 : -0.7590139522217214
198 : -1.3139808606356382
199 : -1.555193392559886
200 : -2.1376118008047342
201 : -3.6217632928164676
202 : -0.6590144992806017
203 : -1.433206065557897
204 : -7.2445984072983265
205 : 1.1958294606301934
206 : -1.3281058399006724
207 : -0.27974075451493263
208 : -0.8434965922497213
209 : -1.5375637095421553
210 : 4.149031601846218
211 : -1.672961164265871
212 : -1.3186778295785189
213 : -13.355381744913757
214 : -3.257356544956565
215 : -7.093840323155746
216 : -4.272481725551188
217 : -0.2938910103403032
218 : -1.0983594711869955
219 : -1.8733112062327564
220 : -1.9806026224978268
221 : -0.8422351013869047
222 : -0.4507920304313302
223 : 22.396907563786954
224 : -3.2054125342983752
225 : -1.306090410798788
226 : -1.3649803306907415
227 : -1.5886251088231802
228 : -0.09470815490931273
229 : -11.368616282939911
230 : -1.138126878067851
231 : -1.498046494089067
232 : -0.37633162550628185
233 : -1.0805738233029842
234 : -0.9356213547289371
235 : -5.5228660563007
236 : -0.9275619331747293
237 : -0.8897690903395414
238 : -1.62780697690323
239 : -2.108026321977377
240 : -2.5334230847656727
241 : -1.161178425885737
242 : 1.1469444837421179
243 : -1.2712357891723514
244 : -1.056422894820571
245 : -1.97828128375113
246 : -1.6979391388595104
247 : -1.3799434714019299
248 : -1.3622784749604762
249 : -0.8172056237235665
250 : -1.9898480416741222
251 : -1.1225963432807475
252 : -4.3589779562316835
253 : -1.5334683312103152
254 : -0.45673879981040955
255 : -5.848097954876721
256 : -1.0805414719507098
257 : 0.7726696126628667
258 : -1.2294909837655723
259 : -0.6203157724812627
260 : 0.026523184031248093
261 : 3.310176510363817
262 : 1.5045167645439506
263 : -6.662135753780603
264 : -3.2057099502999336
265 : -1.6160150161013007
266 : 0.21982886642217636
267 : -0.99773681582883
268 : -1.670960921794176
269 : -1.8674086928367615
270 : -0.14883902529254556
271 : -0.06001609191298485
272 : -0.582821236923337
273 : -2.1451498987153172
274 : -5.183841923717409
275 : -1.986405330710113
276 : -0.2605153233744204
277 : -1.6538632726296782
278 : -0.8910667253658175
279 : -1.6451694145798683
280 : -4.74182453006506
281 : -3.0533567804377526
282 : -2.3823034428060055
283 : -4.538710071705282
284 : -1.5541545515879989
285 : -1.1763623803853989
286 : -2.4218322820961475
287 : -1.0942150121554732
288 : -1.037763916887343
289 : -1.6216296567581594
290 : -1.6751421950757504
291 : -3.8300936492159963
292 : -1.5095665310509503
293 : -0.8579928325489163
294 : -2.195151214953512
295 : -1.1561993714421988
296 : -2.471539167687297
297 : 0.38311698008328676
298 : -0.6635211713146418
299 : -2.218601044267416
300 : -1.3460440831258893
301 : -0.961639754474163
302 : -1.5068430434912443
303 : -0.931380320340395
304 : -0.4591558217070997
305 : 3.823501942679286
306 : 6.103447620756924
307 : -3.456104531302117
308 : -15.103731874376535
309 : -1.0586668536998332
310 : -1.53758829459548
311 : 1.9333384186029434
312 : -2.347060777246952
313 : 1.7162374760955572
314 : -2.9648176934570074
315 : -0.6851943619549274
316 : -1.6115122064948082
317 : -1.8098407816141844
318 : -1.120475601637736
319 : -0.4541153656318784
320 : -1.6690605552867055
321 : 1.6107407459057868
322 : -1.4821479148231447
323 : -0.6221100948750973
324 : -5.061107137706131
325 : -1.1038724915124476
326 : -0.5074964221566916
327 : -1.2414236292243004
328 : 1.156584383919835
329 : -1.3865594291128218
330 : -1.0202654730528593
331 : -0.8344790856353939
332 : -1.3151497785001993
333 : -1.5401341021060944
334 : -2.1054817154072225
335 : -1.7242869529873133
336 : -0.8640432739630342
337 : -0.8595963753759861
338 : -0.9353706515394151
339 : -0.5837238263338804
340 : 0.48031088430434465
341 : -3.4042610358446836
342 : -1.570219867862761
343 : 1.7245708075352013
344 : -1.2356795482337475
345 : -0.01935518439859152
346 : -5.65055762976408
347 : -6.530514777870849
348 : -0.27773795556277037
349 : 1.0733504127711058
350 : -4.878616797737777
351 : -0.9418324041180313
352 : 8.554333209060133
353 : -0.3531784829683602
354 : -2.470681691542268
355 : -2.068421306088567
356 : -13.635489380918443
357 : -1.3107502572238445
358 : 0.7935707168653607
359 : -1.0215681549161673
360 : 0.0810377262532711
361 : -1.2402102048508823
362 : 1.8605694808065891
363 : -9.812646592967212
364 : -1.6139788806904107
365 : -1.4732219566358253
366 : 13.969150860328227
367 : -4.401982857845724
368 : -0.9374278197064996
369 : -5.729741774499416
370 : -0.9759823773056269
371 : 1.0926417945884168
372 : 1.8506073774769902
373 : -0.8370636254549026
374 : 16.22261933516711
375 : -2.2685917178168893
376 : -2.3938823640346527
377 : -2.9957065135240555
378 : -2.188236579298973
379 : -1.380461682099849
380 : 3.1308746356517076
381 : -2.5575971980579197
382 : -5.04662873223424
383 : -3.6287318766117096
384 : -1.3100704066455364
385 : -1.0795158091932535
386 : -1.099495891481638
387 : -0.7777407802641392
388 : -2.0577402636408806
389 : -0.5961617194116116
390 : -1.695103392470628
391 : -0.5006573824211955
392 : -3.2706367634236813
393 : 0.8329088860191405
394 : -2.411810763645917
395 : -6.686299029737711
396 : -1.5917717078700662
397 : -1.128541149199009
398 : 0.6510658140759915
399 : 3.6282091354951262
400 : -0.9089049599133432
401 : -3.9154007327742875
402 : -1.9554953528568149
403 : -1.562204608693719
404 : -1.2094973158091307
405 : -1.5854778066277504
406 : 5.311457289382815
407 : -0.5504704776685685
408 : -1.0714519498869777
409 : -0.9456849442794919
410 : -0.6479057255201042
411 : -1.3226921448949724
412 : -1.3950432389974594
413 : -3.185778302140534
414 : -1.4818260744214058
415 : 0.3495718836784363
416 : -1.4011571668088436
417 : 0.739019556902349
418 : -3.7020689472556114
419 : -1.9084494020789862
420 : -2.228158298879862
421 : -0.6420861938968301
422 : -2.7542624045163393
423 : -2.6457238411530852
424 : 3.673256210051477
425 : 3.4577753646299243
426 : -1.634996559470892
427 : -1.247384462505579
428 : -0.977849468588829
429 : -1.024512255564332
430 : -1.0249511850997806
431 : 0.33348811604082584
432 : -1.5029059732332826
433 : -0.8904737122356892
434 : -1.2339638196863234
435 : -1.276044376194477
436 : 0.5317797549068928
437 : -0.9225310068577528
438 : -0.8575228629633784
439 : -1.7046829331666231
440 : 10.1032485216856
441 : 0.7295452374964952
442 : -1.575252397917211
443 : -2.7734717964194715
444 : 0.1692493031732738
445 : 5.074491940904409
446 : -1.9426649203523993
447 : -1.5269039920531213
448 : -1.7460819496773183
449 : 6.002559655811638
450 : -2.3314012475311756
451 : -1.519612230360508
452 : 3.0511128371581435
453 : -1.766756834462285
454 : 0.8487628968432546
455 : -1.0109013218898326
456 : -2.403961271047592
457 : -0.7685014409944415
458 : -1.5246528047136962
459 : -2.540169202722609
460 : -0.9704390726983547
461 : -0.8210536185652018
462 : -0.665801277384162
463 : 3.0410342877730727
464 : -1.1111923083662987
465 : -0.8792072832584381
466 : -3.0602034765761346
467 : -0.9669880829751492
468 : -1.284072202630341
469 : 5.6925876210443676
470 : -3.8097019381821156
471 : -0.6595251895487309
472 : -1.2520820908248425
473 : -0.723820295650512
474 : -1.793621288612485
475 : 1.6764006316661835
476 : -1.2844625039724633
477 : -1.2614414496347308
478 : -0.5487591377459466
479 : -9.21034587174654
480 : -1.6935262605547905
481 : -0.7599103187676519
482 : -1.0597266065888107
483 : -2.836046251002699
484 : -1.1782021108083427
485 : -6.470504064112902
486 : -0.8844085880555212
487 : -3.78551272675395
488 : -1.877306031063199
489 : -0.849939885083586
490 : -0.7964103147387505
491 : 10.664048630744219
492 : -2.955787615850568
493 : 0.04334938433021307
494 : -5.36473750974983
495 : -5.392612194176763
496 : -1.3925422872416675
497 : -1.1155233541503549
498 : -1.5514423646964133
499 : -1.565702164079994
500 : -1.4627473698928952
501 : -1.653953426051885
502 : -2.7746813762933016
503 : -0.9989149873144925
504 : -1.326993454247713
505 : -0.4578198264352977
506 : -1.640467345714569
507 : -1.8848953554406762
508 : -1.4432380869984627
509 : 0.9629246485419571
510 : 6.89126015920192
511 : -2.0400738567113876
512 : -2.1670579221099615
513 : -1.5894456491805613
514 : -0.4683236354030669
515 : -2.3938834285363555
516 : -0.9224387928843498
517 : -1.5826621428132057
518 : 0.5206170957535505
519 : -0.8393454109318554
520 : -1.410082614980638
521 : -1.451825676485896
522 : -1.646854154765606
523 : -3.641278423368931
524 : 0.13352036336436868
525 : 4.869892822578549
526 : -7.849420163780451
527 : -1.207588701043278
528 : 2.9959371173754334
529 : 0.9227835163474083
530 : -6.142303452885244
531 : -0.9960224728565663
532 : -1.935598068870604
533 : -2.7277773208916187
534 : -1.1258396999910474
535 : -4.493200040888041
536 : -1.565830834209919
537 : 0.58070322079584
538 : -2.4979825040791184
539 : -1.1005846187472343
540 : -0.7692946968600154
541 : 0.15678400686010718
542 : -1.0574763678014278
543 : -1.2916804365813732
544 : -1.0695249242708087
545 : -3.1340324701741338
546 : -1.7221360430121422
547 : -3.5397476330399513
548 : -1.1784500256180763
549 : -1.3437069980427623
550 : -1.0557811688631773
551 : 1.2567340672248974
552 : -5.481501984409988
553 : -1.7933789603412151
554 : -0.4350103009492159
555 : -6.778821738902479
556 : -0.9836184661835432
557 : -2.3320779874920845
558 : -1.4787291828542948
559 : -1.4638831887859851
560 : -4.60038262186572
561 : -3.5983566660434008
562 : 3.5387836545705795
563 : -7.053449960425496
564 : -1.5718564135022461
565 : -0.9795246832072735
566 : -0.6726974565535784
567 : -0.887476253323257
568 : -1.0221728067845106
569 : -0.9181370604783297
570 : -11.013569545000792
571 : -1.303499523550272
572 : -1.7879815846681595
573 : 2.789726278744638
574 : -2.0079832784831524
575 : -2.1236287374049425
576 : -0.9984958632849157
577 : -1.474049111828208
578 : -2.163219640031457
579 : -1.5055415369570255
580 : 2.650722583755851
581 : -0.9505624175071716
582 : -0.8939826032146811
583 : 0.24909521080553532
584 : -2.215662680566311
585 : -0.6917358450591564
586 : -1.798044003546238
587 : 2.535154169658199
588 : -2.763706798199564
589 : -1.8293065790785477
590 : -0.8643263359554112
591 : -1.8269736524671316
592 : -1.9089721185155213
593 : -1.82437352091074
594 : -0.810476865619421
595 : -1.0973816188052297
596 : -0.7563233822584152
597 : 4.497923901770264
598 : -3.4393941103480756
599 : -1.6597191393375397
600 : -0.9983717945870012
601 : 1.530952020548284
602 : -2.9836858958005905
603 : -1.4544732384383678
604 : 0.3670877478434704
605 : -1.1907245237380266
606 : -1.463186178356409
607 : 1.807431761175394
608 : -1.6584359090775251
609 : -2.566553863696754
610 : -1.1704649569001049
611 : 6.468790905782953
612 : -0.9939946588128805
613 : -0.4312210292555392
614 : -4.833477606996894
615 : -1.5661952272057533
616 : -1.9933146461844444
617 : -4.451661227270961
618 : -1.719811150804162
619 : -1.4204335696995258
620 : 0.3206098284572363
621 : 1.539195187855512
622 : -2.638288007117808
623 : -3.0881492644548416
624 : 8.159194704610854
625 : -2.014091950841248
626 : -1.7893098331987858
627 : -0.916073729749769
628 : -1.619036752730608
629 : -1.6641945093870163
630 : -1.020610075443983
631 : -1.720121944323182
632 : 1.8260145615786314
633 : -1.917673997581005
634 : -1.6907562045380473
635 : -1.6481551872566342
636 : -1.7319896025583148
637 : -1.2463726587593555
638 : -5.510898337233812
639 : -1.4160704789683223
640 : -1.6156503739766777
641 : 3.08302519377321
642 : -0.9459610239136964
643 : -1.471422943752259
644 : -1.8444936126470566
645 : -1.6785848271101713
646 : -2.2046133428812027
647 : -2.238369963131845
648 : -3.149924003519118
649 : -5.682516060769558
650 : -1.6082796135451645
651 : -2.7793606435880065
652 : 3.6331879808567464
653 : -0.9407338676974177
654 : -0.879626841051504
655 : 1.3341171462088823
656 : -1.453671073075384
657 : 2.761391602922231
658 : -2.3792048636823893
659 : -1.9120973460376263
660 : -1.318928322289139
661 : 4.587095590308309
662 : -1.1226856028661132
663 : -1.0119736939668655
664 : -8.71003924543038
665 : -11.639362955465913
666 : 5.003009591251612
667 : -3.4313086280599236
668 : -0.5685405114199966
669 : 1.9978154371492565
670 : -6.173110465053469
671 : -1.7862485218793154
672 : -1.2725636344403028
673 : -2.624692317098379
674 : -5.000949093140662
675 : -2.1630826145410538
676 : 0.3144771605730057
677 : -2.5546128898859024
678 : -1.410728383809328
679 : -0.5231501869857311
680 : -0.39734087884426117
681 : -0.8640067013911903
682 : -3.4032699316740036
683 : -5.140864108223468
684 : -0.27450839849188924
685 : 10.421081984881312
686 : -1.217404665891081
687 : -1.6858683340251446
688 : -5.09631961863488
689 : -1.6906049698591232
690 : -5.088748306967318
691 : -1.561236996203661
692 : 0.948636882007122
693 : -5.956499763997272
694 : -1.6557384561747313
695 : 2.1587898805737495
696 : -1.8285120353102684
697 : -6.063356846570969
698 : -1.2007138789631426
699 : -2.5794909484684467
700 : 10.595298585481942
701 : -3.6265063318423927
702 : -1.7399491243995726
703 : -8.090104362461716
704 : -0.9577361736446619
705 : 0.32979385647922754
706 : -1.9535182639956474
707 : -1.807677865959704
708 : -1.6603700127452612
709 : -1.3285637386143208
710 : -1.12685283459723
711 : -4.6575259026139975
712 : -2.209806856699288
713 : 1.8792179240845144
714 : -0.9570256099104881
715 : -1.0710845399880782
716 : -1.553159055300057
717 : -1.4654674879275262
718 : -5.661960482597351
719 : -10.58423116710037
720 : -2.872051753103733
721 : -5.100585133302957
722 : -2.095730238594115
723 : -1.6068454051855952
724 : 1.8793675333727151
725 : -1.2847640784457326
726 : 5.519149376777932
727 : -2.4496682165190578
728 : -3.694672151468694
729 : -1.6789728561416268
730 : -4.830215328373015
731 : -3.692712217569351
732 : 0.41671958193182945
733 : -1.2882503103464842
734 : -1.743418640922755
735 : -0.8258818895556033
736 : -2.680395221337676
737 : -1.2152050258591771
738 : -1.334110977128148
739 : -3.706558095756918
740 : -3.0815912624821067
741 : -1.5819413783028722
742 : -1.692734195617959
743 : 8.711701868101954
744 : -3.149403937160969
745 : 8.93460341449827
746 : -0.741775618866086
747 : -12.818650279194117
748 : -0.15998710226267576
749 : -1.340353835374117
750 : 6.487370586022735
751 : -1.9330400452017784
752 : -3.9454030231572688
753 : -11.544545500073582
754 : -1.4358873025048524
755 : -1.8028679341077805
756 : -1.8897102242335677
757 : -8.978391322307289
758 : -1.3354036575183272
759 : -1.5116120697930455
760 : 1.6568937287665904
761 : -1.4025380313396454
762 : -6.29402916226536
763 : -1.0745348273776472
764 : 4.27996842795983
765 : -4.061220562085509
766 : -0.7143461424857378
767 : 1.322971422225237
768 : -0.8185687400400639
769 : -1.84708783775568
770 : -1.558565347455442
771 : -0.7827440612018108
772 : -2.004617130383849
773 : 14.183162814937532
774 : -1.9311963077634573
775 : -0.6962198936380446
776 : -8.843362892512232
777 : -0.35532080894336104
778 : 0.629033649340272
779 : -2.4216443579643965
780 : -1.032910706475377
781 : -0.8417511116713285
782 : -1.0320055838674307
783 : -1.5968534089624882
784 : -0.6319149874616414
785 : -0.7519172611646354
786 : -0.300425827736035
787 : -0.8503628466278315
788 : 0.3709536762908101
789 : -0.09695341577753425
790 : -1.846693952800706
791 : -1.9517694837413728
792 : -3.1479448610916734
793 : -3.7456042151898146
794 : -3.1832915786653757
795 : -1.3705843538045883
796 : -1.4641096144914627
797 : 0.646940647624433
798 : -1.5728460773825645
799 : -1.2755709242774174
800 : -1.673152219504118
801 : -1.425807110965252
802 : -0.9782650079578161
803 : 0.12348742503672838
804 : -1.7303404724225402
805 : -0.08543055923655629
806 : -1.5514211705885828
807 : -1.2131960084661841
808 : -2.070687753148377
809 : 1.6664087641984224
810 : -1.0056449584662914
811 : -6.598031233996153
812 : -0.8954472886398435
813 : -0.19819216709583998
814 : -1.013506393879652
815 : 0.48090061638504267
816 : -1.2317882971838117
817 : 0.34941981453448534
818 : 2.87771684397012
819 : -7.152200065553188
820 : -1.2731526037678123
821 : 27.013674827758223
822 : -3.075873906724155
823 : -5.4639385510236025
824 : -0.13887668633833528
825 : -0.5023906980641186
826 : -0.67108408594504
827 : -0.5772979715839028
828 : -1.2888060817494988
829 : -3.8451761887408793
830 : -1.554153161123395
831 : -0.9616738799959421
832 : 5.607759810052812
833 : -0.09327238658443093
834 : -1.1077766884118319
835 : -0.8875885438174009
836 : -1.0498359929770231
837 : -1.4140178710222244
838 : -4.309306880459189
839 : -0.9160587172955275
840 : -3.4674961362034082
841 : -1.1677530269371346
842 : -1.4673448987305164
843 : 10.534617142751813
844 : -2.731123774778098
845 : -1.6720227277837694
846 : -1.0716441795229912
847 : -1.843851987272501
848 : -1.5785042569041252
849 : -1.5034189345315099
850 : -1.3162808995693922
851 : 0.3572795772925019
852 : -2.0446945135481656
853 : -5.236150182783604
854 : -1.3637878224253654
855 : 0.7492918241769075
856 : -1.3440828556194901
857 : -0.17333592846989632
858 : -2.129611298441887
859 : -1.46781718544662
860 : -1.5168155941646546
861 : -0.4739821720868349
862 : -3.3566538165323436
863 : -1.1985299130901694
864 : -12.43497292790562
865 : -0.9570696819573641
866 : -1.1405786894029006
867 : -1.262438040226698
868 : -2.954984897747636
869 : -0.5570267038419843
870 : 5.852241400629282
871 : -0.9414779632352293
872 : -0.7032822445034981
873 : -1.3053310592658818
874 : -1.1674505174160004
875 : -0.7239601111505181
876 : -13.644187962636352
877 : -1.1208848664537072
878 : -3.8226966080255806
879 : 3.55769476108253
880 : -1.0259569468908012
881 : 2.9775961418636143
882 : 2.0550118801184
883 : 4.15120477322489
884 : -1.5024672481231391
885 : -1.5345241129398346
886 : -1.3622140660881996
887 : -1.6123815719038248
888 : -0.7453019022941589
889 : -3.2999333798652515
890 : -0.9839438344351947
891 : -1.1323780445382
892 : 6.758523316588253
893 : -0.8209253381937742
894 : -0.518320033326745
895 : 8.983937672805041
896 : -0.13980213180184364
897 : 1.320498475804925
898 : -3.388160638511181
899 : -0.9751486228778958
900 : -3.1095400634221733
901 : -5.532841310603544
902 : -1.170610312372446
903 : 0.9768531494773924
904 : -1.4016198562458158
905 : 4.7159816501662135
906 : -3.5988748110830784
907 : -1.1776244444772601
908 : 1.2346960827708244
909 : -0.8245890606194735
910 : -0.2961340290494263
911 : -0.7887505549006164
912 : -1.768168453592807
913 : 0.43094355473294854
914 : -0.4955813577398658
915 : -3.847139951772988
916 : -1.3970389254391193
917 : -0.7351158354431391
918 : -2.435230851173401
919 : 0.6238823756575584
920 : -1.4979458563029766
921 : -1.014527012128383
922 : -3.0242840768769383
923 : 1.5068402732722461
924 : -1.0541348312981427
925 : -1.3948532082140446
926 : -1.0269419634714723
927 : -2.1822971664369106
928 : 7.7110045599984005
929 : 5.38330466998741
930 : -0.9765263209119439
931 : -0.8230856680311263
932 : -2.8385911779478192
933 : -0.09994503436610103
934 : -1.4574251864105463
935 : -1.3979644533246756
936 : -2.2054863148368895
937 : 16.445750351063907
938 : -1.6768974140286446
939 : 3.1964519931934774
940 : 0.370446584187448
941 : -4.766787269618362
942 : 7.168369594030082
943 : 7.800095601938665
944 : 7.201020834967494
945 : -0.65341433044523
946 : -0.7088807709515095
947 : -1.388771926984191
948 : -1.0656558042392135
949 : -1.2170148100703955
950 : -0.6917923022992909
951 : 7.042926926165819
952 : -1.8193194828927517
953 : -2.149368965998292
954 : -1.1605710061267018
955 : -1.3812316237017512
956 : -1.1656403082888573
957 : -2.0955581348389387
958 : -1.0050117271021008
959 : 2.6813965416513383
960 : -1.4728657631203532
961 : 4.6020839381963015
962 : 4.002815534826368
963 : 7.813939460553229
964 : -1.560526356101036
965 : -1.202957671135664
966 : -1.3985002501867712
967 : -1.0999166476540267
968 : -3.847956647630781
969 : -0.8779416959732771
970 : -0.8233967255800962
971 : -1.4487821403890848
972 : -0.8831021608784795
973 : -1.4186251033097506
974 : -1.012047775555402
975 : -2.2333285957574844
976 : -3.911333627998829
977 : -1.392942807637155
978 : -0.6122052520513535
979 : 4.311322053894401
980 : -0.9292453988455236
981 : 1.888886165805161
982 : -2.495521869510412
983 : -1.0193340387195349
984 : -1.0973372217267752
985 : 5.838140801526606
986 : -1.2710617631673813
987 : -1.460837951861322
988 : -1.8422515131533146
989 : -2.2797394113149494
990 : -2.2788259647786617
991 : -1.256266545271501
992 : -1.6171492710709572
993 : 0.8530709818005562
994 : 6.354880863800645
995 : -1.865466382354498
996 : -1.3623548713512719
997 : -3.291578899603337
998 : -3.6416668463498354
999 : -1.6263468731194735
Setting up 2 worker threads for Enlighten.
  Thread -> id: 7f5855224700 -> priority: 1 
  Thread -> id: 7f5854a23700 -> priority: 1 
2020-06-24 04:08:27 INFO [environment.py:418] Environment shut down with return code 0.
[I 2020-06-24 04:08:27,972] Finished trial#147 with value: -1.6263468731194735 with parameters: {'update_time_steps': 7168, 'ppo_epochs': 11, 'gamma': 0.9659161414018472, 'beta': 0.060160031343158116}. Best is trial#148 with value: -6.7115356754511595.
Found path: /home/j/jensenj/PycharmProjects/Federer-Jr./src/../crawler_single/linux/dynamic_server/crawler_dynamic.x86_64
Mono path[0] = '/home/j/jensenj/PycharmProjects/Federer-Jr./src/../crawler_single/linux/dynamic_server/crawler_dynamic_Data/Managed'
Mono config path = '/home/j/jensenj/PycharmProjects/Federer-Jr./src/../crawler_single/linux/dynamic_server/crawler_dynamic_Data/MonoBleedingEdge/etc'
Preloaded 'lib_burst_generated.so'
Preloaded 'libgrpc_csharp_ext.x64.so'
Initialize engine version: 2019.3.15f1 (59ff3e03856d)
[Subsystems] Discovering subsystems at path /home/j/jensenj/PycharmProjects/Federer-Jr./src/../crawler_single/linux/dynamic_server/crawler_dynamic_Data/UnitySubsystems
Forcing GfxDevice: Null
GfxDevice: creating device client; threaded=0
NullGfxDevice:
    Version:  NULL 1.0 [1.0]
    Renderer: Null Device
    Vendor:   Unity Technologies
Begin MonoManager ReloadAssembly
- Completed reload, in  0.096 seconds
WARNING: Shader Unsupported: 'Autodesk Interactive' - All passes removed
WARNING: Shader Did you use #pragma only_renderers and omit this platform?
UnloadTime: 0.434705 ms
Fallback handler could not load library /home/j/jensenj/PycharmProjects/Federer-Jr./src/../crawler_single/linux/dynamic_server/crawler_dynamic_Data/Mono/libcoreclr.so
Fallback handler could not load library /home/j/jensenj/PycharmProjects/Federer-Jr./src/../crawler_single/linux/dynamic_server/crawler_dynamic_Data/Mono/libcoreclr.so
Fallback handler could not load library /home/j/jensenj/PycharmProjects/Federer-Jr./src/../crawler_single/linux/dynamic_server/crawler_dynamic_Data/Mono/libcoreclr.so
Fallback handler could not load library /home/j/jensenj/PycharmProjects/Federer-Jr./src/../crawler_single/linux/dynamic_server/crawler_dynamic_Data/Mono/libSystem.dylib
Fallback handler could not load library /home/j/jensenj/PycharmProjects/Federer-Jr./src/../crawler_single/linux/dynamic_server/crawler_dynamic_Data/Mono/libSystem.dylib.so
Fallback handler could not load library /home/j/jensenj/PycharmProjects/Federer-Jr./src/../crawler_single/linux/dynamic_server/crawler_dynamic_Data/Mono/libSystem.dylib
Fallback handler could not load library /home/j/jensenj/PycharmProjects/Federer-Jr./src/../crawler_single/linux/dynamic_server/crawler_dynamic_Data/Mono/libcoreclr.so
Fallback handler could not load library /home/j/jensenj/PycharmProjects/Federer-Jr./src/../crawler_single/linux/dynamic_server/crawler_dynamic_Data/Mono/libcoreclr.so
Fallback handler could not load library /home/j/jensenj/PycharmProjects/Federer-Jr./src/../crawler_single/linux/dynamic_server/crawler_dynamic_Data/Mono/libcoreclr.so
Fallback handler could not load library /home/j/jensenj/PycharmProjects/Federer-Jr./src/../crawler_single/linux/dynamic_server/crawler_dynamic_Data/Mono/libSystem.dylib
Fallback handler could not load library /home/j/jensenj/PycharmProjects/Federer-Jr./src/../crawler_single/linux/dynamic_server/crawler_dynamic_Data/Mono/libSystem.dylib.so
Fallback handler could not load library /home/j/jensenj/PycharmProjects/Federer-Jr./src/../crawler_single/linux/dynamic_server/crawler_dynamic_Data/Mono/libSystem.dylib
2020-06-24 04:08:28 INFO [environment.py:108] Connected to Unity environment with package version 1.0.2 and communication version 1.0.0
2020-06-24 04:08:28 INFO [environment.py:265] Connected new brain:
CrawlerDynamic?team=0
2020-06-24 04:08:28 WARNING [__init__.py:92] The environment contains multiple observations. You must define allow_multiple_obs=True to receive them all. Otherwise, only the first visual observation (or vector observation ifthere are no visual observations) will be provided in the observation.
{'nr_output_features': 20, 'nr_input_features': 126, 'env': <gym_unity.envs.UnityToGymWrapper object at 0x7f894e600b70>, 'alpha': 0.003, 'tau': 0.95, 'clip': 0.2, 'minibatch_size': 32, 'hidden_units': 512, 'update_time_steps': 9216, 'ppo_epochs': 16, 'gamma': 0.9765489278246305, 'beta': 0.05019882635875871}
0 : -1.5220686038956046
1 : -1.8657122603617609
2 : -4.5564022795297205
3 : -1.6873345784842968
4 : -1.6490494385361671
5 : -0.9823032207787037
6 : -0.6857388345524669
7 : -1.4321546517312527
8 : -1.5561224687844515
9 : -1.402622113469988
10 : -2.3764834236353636
11 : -2.744495388120413
12 : -0.9128149324096739
13 : -3.7720914320088923
14 : -1.992680374532938
15 : -1.0822220160625875
16 : -2.075145484879613
17 : -1.2671699970960617
18 : -1.4879354275763035
19 : -1.3621437798719853
20 : 0.2838958576321602
21 : 0.5318238837644458
22 : -1.0538373067975044
23 : -1.2949493452906609
24 : -4.025956138968468
25 : -1.8104345984756947
26 : -0.7909836787730455
27 : -2.9924084916710854
28 : -1.2982008405961096
29 : -1.0725052319467068
30 : -1.5899299765005708
31 : -2.231134269852191
32 : -1.3663674648851156
33 : -0.3905714130960405
34 : -1.2671191240660846
35 : -2.4892949373461306
36 : -1.7724454998970032
37 : -1.5980770294554532
38 : -1.0537474788725376
39 : -0.24977380968630314
40 : -0.93606395740062
41 : -0.7686946885660291
42 : -1.2442689589224756
43 : -0.9761488027870655
44 : -0.7549375570379198
45 : -0.6196811916306615
46 : 1.61628573294729
47 : -3.5403961041010916
48 : -0.9238282423466444
49 : -1.5126580353826284
50 : -1.6060045212507248
51 : 1.0314972908236086
52 : -0.8652852820232511
53 : -0.9360411260277033
54 : -1.2408492723479867
55 : -1.6576101183891296
56 : -3.238279524957761
57 : -1.5348172788508236
58 : -1.1770093459635973
59 : -1.255606445018202
60 : -1.8334685976151377
61 : -1.3037762884050608
62 : -2.6916469670832157
63 : 7.247348412871361
64 : -1.2848289655521512
65 : -1.7232239209115505
66 : -2.252829410135746
67 : -1.5384964407421649
68 : -1.4250772707164288
69 : -0.7934479704126716
70 : -0.728206998668611
71 : -1.0940376757644117
72 : -1.4916289383545518
73 : -1.3585514111910015
74 : -0.9995781148318201
75 : -5.232955954503268
76 : -1.8731574229896069
77 : -1.176855226047337
78 : -1.1250908426009119
79 : -1.4612417612224817
80 : -1.630054946988821
81 : -0.9786187326535583
82 : -0.6790213724598289
83 : -0.9080247844103724
84 : -1.2531448993831873
85 : -1.445037609897554
86 : -0.6222504414618015
87 : -1.0854071099311113
88 : -2.150376796722412
89 : -1.4703058823943138
90 : 3.2185535503085703
91 : -1.790153194218874
92 : -2.6756475623697042
93 : -1.596122746821493
94 : -0.9125372716225684
95 : 0.21439525904133916
96 : -1.2716296948492527
97 : -0.8443183582276106
98 : -3.0186099549755454
99 : -1.5381450750865042
100 : -1.6704676691442728
101 : -0.9821700910106301
102 : -1.4043198712170124
103 : -0.6711530997417867
104 : -1.635164711624384
105 : 0.9578516036272049
106 : -0.9170081522315741
107 : -1.1841253405436873
108 : -1.0014586672186852
109 : -1.2907716473564506
110 : -1.210969815030694
111 : -1.3850877746008337
112 : -2.1115653812885284
113 : -1.5043738763779402
114 : -1.893961263820529
115 : -1.3726695086807013
116 : -3.5669689252972603
117 : -2.0038794865831733
118 : -0.904986054636538
119 : -1.7828259207308292
120 : -4.478402969427407
121 : -2.02956716530025
122 : -1.1298362016677856
123 : -2.9349765297956765
124 : -1.6565610878169537
125 : -1.3882648851722479
126 : -1.6705470532178879
127 : -1.5027314852923155
128 : -1.0923142689280212
129 : -1.3850813414901495
130 : 0.05503616202622652
131 : -1.6507252864539623
132 : 6.106629635905847
133 : -1.5677922293543816
134 : -1.025020046159625
135 : -0.8149776598438621
136 : -1.1869908571243286
137 : -1.0047992318868637
138 : -1.4507354591041803
139 : -1.6076964624226093
140 : -0.9645960475318134
141 : -2.2071056850254536
142 : -1.3887328878045082
143 : -1.224658171646297
144 : -1.4176265709102154
145 : -0.060271107126027346
146 : -1.7464478351175785
147 : -1.1676532356068492
148 : -1.746695470996201
149 : -1.1602455889806151
150 : -1.2809344292618334
151 : -0.8198776012286544
152 : -0.7995154354721308
153 : -1.6999447820708156
154 : -0.501684645190835
155 : 0.2727600005455315
156 : -2.2498858086764812
157 : -0.9305713954381645
158 : -1.2855604742653668
159 : -0.9287636813241988
160 : 0.12247351836413145
161 : 1.512663071975112
162 : -1.2012481554411352
163 : 2.044963792897761
164 : -1.3123603989370167
165 : -2.254909098148346
166 : -1.3605324197560549
167 : -0.760331591591239
168 : -1.5061621493659914
169 : -1.2118941633962095
170 : -1.140734731219709
171 : -0.819412088021636
172 : -2.5311287604272366
173 : -1.4356905445456505
174 : -1.9106632005423307
175 : 1.3304301258176565
176 : -1.422431405633688
177 : -1.1297290914226323
178 : -0.6403886452317238
179 : 1.4225849397480488
180 : -0.9913604650646448
181 : 5.766891812905669
182 : -1.755115534644574
183 : -1.3910486223176122
184 : -1.082043934147805
185 : -1.7684473926201463
186 : -2.055016319733113
187 : -1.6580475680530071
188 : -1.3649555370211601
189 : -1.7327539902180433
190 : -1.0573092144913971
191 : -8.557230164296925
192 : -0.319897192530334
193 : -1.448728745803237
194 : 1.1827550851739943
195 : -0.11537455301731825
196 : -1.4165746294893324
197 : -2.231301521882415
198 : -1.6970524694770575
199 : -3.1533386558294296
200 : -1.6823042556643486
201 : -1.5076856259256601
202 : -1.7821160648018122
203 : -0.2795669622719288
204 : -2.0532025545835495
205 : -0.8516561933793128
206 : 2.8277404163964093
207 : -1.0861589963606093
208 : -3.1011600703932345
209 : -0.9534709630534053
210 : -3.249550824984908
211 : 0.20252641011029482
212 : -1.332741922698915
213 : -0.8797338912263513
214 : -1.3607219569385052
215 : -0.5383285991847515
216 : -1.4694963581860065
217 : -0.7562612164765596
218 : -1.860610444098711
219 : 0.8958318587392569
220 : -1.8850711472332478
221 : -2.0042287388350815
222 : -0.8205646835267544
223 : -0.3036135593429208
224 : -4.65846011089161
225 : -1.318160199560225
226 : -0.9736461974680424
227 : -1.6004794053733349
228 : -1.7491192957386374
229 : -0.5758240611758083
230 : -1.0306983143091202
231 : -1.0238688751123846
232 : -1.6265658885240555
233 : -2.001740023493767
234 : -0.7170969089493155
235 : -0.8295411057770252
236 : -0.8206763630732894
237 : -1.4549923948943615
238 : -1.258863627910614
239 : -1.1547678504139185
240 : -0.7648224174045026
241 : -1.2211118079721928
242 : -1.0400860384106636
243 : -2.7197599317878485
244 : -1.8397329952567816
245 : -3.0117968688718975
246 : -1.6234438717365265
247 : -6.82818404212594
248 : -1.1266735855024308
249 : -1.4620540468022227
250 : -1.7182422317564487
251 : -1.28276127576828
252 : -1.3486655466258526
253 : -1.0554183749482036
254 : -1.0104764802381396
255 : -1.0517681590281427
256 : 1.266002906486392
257 : -0.8792549874633551
258 : -0.7816331181675196
259 : -1.2398619714658707
260 : -1.4807705096900463
261 : -1.1937423963099718
262 : -1.2003395380452275
263 : -1.8942367807030678
264 : -1.1574153429828584
265 : -1.485110705718398
266 : -1.5959113463759422
267 : -0.788658237317577
268 : -1.0138846798799932
269 : -1.4231184907257557
270 : 0.15803695563226938
271 : -0.8023211010731757
272 : -2.3213740158826113
273 : -1.5240799970924854
274 : -0.7353340359404683
275 : -1.0066660968586802
276 : -2.4572658017277718
277 : -2.0306852124631405
278 : -3.632082024589181
279 : -1.1919441847130656
280 : -1.7923296261578798
281 : -1.1962525930721313
282 : -1.544630060903728
283 : -1.284304728731513
284 : 1.0785866328515112
285 : -1.0435715499334037
286 : -4.6223931182175875
287 : -1.34866395406425
288 : -0.6258326610550284
289 : -1.4494861187413335
290 : 0.9686423148959875
291 : -1.292944765649736
292 : -1.0252590412274003
293 : -1.5568261509761214
294 : -2.0254119150340557
295 : -1.4639109871350229
296 : -1.444538879673928
297 : -0.8734041964635253
298 : -1.0728539442643523
299 : -1.2826100490055978
300 : -1.5644862353801727
301 : -1.8830710593611002
302 : -0.31399819627404213
303 : -1.2175278831273317
304 : -0.9734692620113492
305 : 0.808080299757421
306 : 4.044334360398352
307 : -1.5218031201511621
308 : -0.28316633799113333
309 : -0.8137972913682461
310 : -1.5888506593182683
311 : -1.6208576625213027
312 : -1.4472003318369389
313 : -3.1903622299432755
314 : -1.0742842247709632
315 : -1.5010702051222324
316 : -1.1839835522696376
317 : -1.3103557527065277
318 : -1.3326667994260788
319 : 6.549793026177213
320 : -1.0836367160081863
321 : -3.192252788692713
322 : -1.4103232268244028
323 : -4.282911814749241
324 : -1.021094884723425
325 : 1.4783432353287935
326 : -2.579017300158739
327 : 2.159340708050877
328 : -1.1590972635895014
329 : -1.3504975098185241
[W 2020-06-24 04:13:39,306] Setting status of trial#181 as TrialState.FAIL because of the following error: ValueError('array split does not result in an equal division',)
Traceback (most recent call last):
  File "/home/j/jensenj/.local/lib/python3.6/site-packages/numpy/lib/shape_base.py", line 867, in split
    len(indices_or_sections)
TypeError: object of type 'int' has no len()

During handling of the above exception, another exception occurred:

Traceback (most recent call last):
  File "/home/j/jensenj/.local/lib/python3.6/site-packages/optuna/study.py", line 734, in _run_trial
    result = func(trial)
  File "main-optuna.py", line 88, in objective
    returns = [episode(env, agent, params, writer, i) for i in range(training_episodes)]
  File "main-optuna.py", line 88, in <listcomp>
    returns = [episode(env, agent, params, writer, i) for i in range(training_episodes)]
  File "main-optuna.py", line 40, in episode
    agent.update(next_state)
  File "/home/j/jensenj/PycharmProjects/Federer-Jr./src/ppo.py", line 140, in update
    for states, actions, old_log_probs, returns, advantages in self.memory.sample_batch(self.minibatch_size, next_value):
  File "/home/j/jensenj/PycharmProjects/Federer-Jr./src/ppo.py", line 44, in sample_batch
    ids = np.split(ids, batch_size // minibatch_size)
  File "<__array_function__ internals>", line 6, in split
  File "/home/j/jensenj/.local/lib/python3.6/site-packages/numpy/lib/shape_base.py", line 873, in split
    'array split does not result in an equal division')
ValueError: array split does not result in an equal division
Traceback (most recent call last):
  File "/home/j/jensenj/.local/lib/python3.6/site-packages/numpy/lib/shape_base.py", line 867, in split
    len(indices_or_sections)
TypeError: object of type 'int' has no len()

During handling of the above exception, another exception occurred:

Traceback (most recent call last):
  File "main-optuna.py", line 103, in <module>
    study.optimize(objective, n_trials=1000)
  File "/home/j/jensenj/.local/lib/python3.6/site-packages/optuna/study.py", line 339, in optimize
    func, n_trials, timeout, catch, callbacks, gc_after_trial, None
  File "/home/j/jensenj/.local/lib/python3.6/site-packages/optuna/study.py", line 682, in _optimize_sequential
    self._run_trial_and_callbacks(func, catch, callbacks, gc_after_trial)
  File "/home/j/jensenj/.local/lib/python3.6/site-packages/optuna/study.py", line 713, in _run_trial_and_callbacks
    trial = self._run_trial(func, catch, gc_after_trial)
  File "/home/j/jensenj/.local/lib/python3.6/site-packages/optuna/study.py", line 734, in _run_trial
    result = func(trial)
  File "main-optuna.py", line 88, in objective
    returns = [episode(env, agent, params, writer, i) for i in range(training_episodes)]
  File "main-optuna.py", line 88, in <listcomp>
    returns = [episode(env, agent, params, writer, i) for i in range(training_episodes)]
  File "main-optuna.py", line 40, in episode
    agent.update(next_state)
  File "/home/j/jensenj/PycharmProjects/Federer-Jr./src/ppo.py", line 140, in update
    for states, actions, old_log_probs, returns, advantages in self.memory.sample_batch(self.minibatch_size, next_value):
  File "/home/j/jensenj/PycharmProjects/Federer-Jr./src/ppo.py", line 44, in sample_batch
    ids = np.split(ids, batch_size // minibatch_size)
  File "<__array_function__ internals>", line 6, in split
  File "/home/j/jensenj/.local/lib/python3.6/site-packages/numpy/lib/shape_base.py", line 873, in split
    'array split does not result in an equal division')
ValueError: array split does not result in an equal division
Setting up 2 worker threads for Enlighten.
  Thread -> id: 7f7b33fff700 -> priority: 1 
  Thread -> id: 7f7b337fe700 -> priority: 1 
2020-06-24 04:13:39 INFO [environment.py:418] Environment shut down with return code 0.
